[20:47:28] [info] Started new express server on port: 5000
[20:47:43] [info] GET ::1 /
[20:47:43] [info] GET ::1 /styles/global.css
[20:47:43] [info] GET ::1 /styles/custom.css
[20:47:43] [info] GET ::1 /styles/login.css
[20:47:43] [info] GET ::1 /images/logo.svg
[20:47:43] [info] GET ::1 /images/background.jpg
[20:47:43] [info] GET ::1 /images/user.svg
[20:47:43] [info] GET ::1 /images/password.svg
[20:47:43] [info] GET ::1 /images/favicon.ico
[20:48:29] [info] GET ::1 /images/background.jpg
[20:48:35] [info] GET ::1 /register
[20:48:55] [info] GET ::1 /register
[20:49:01] [info] GET ::1 /
[20:49:03] [info] GET ::1 /styles/global.css
[20:49:03] [info] GET ::1 /styles/custom.css
[20:49:03] [info] GET ::1 /styles/login.css
[20:49:03] [info] GET ::1 /images/logo.svg
[20:49:05] [info] GET ::1 /images/background.jpg
[20:49:05] [info] GET ::1 /images/user.svg
[20:49:05] [info] GET ::1 /images/password.svg
[20:49:36] [info] GET ::1 /
[20:49:36] [info] GET ::1 /styles/global.css
[20:49:36] [info] GET ::1 /styles/login.css
[20:49:36] [info] GET ::1 /styles/custom.css
[20:49:36] [info] GET ::1 /images/logo.svg
[20:49:36] [info] GET ::1 /images/user.svg
[20:49:36] [info] GET ::1 /images/password.svg
[20:49:36] [info] GET ::1 /images/favicon.ico
[20:49:52] [info] GET ::1 /
[20:49:52] [info] GET ::1 /styles/global.css
[20:49:52] [info] GET ::1 /styles/custom.css
[20:49:52] [info] GET ::1 /styles/login.css
[20:49:52] [info] GET ::1 /images/logo.svg
[20:49:52] [info] GET ::1 /images/user.svg
[20:49:52] [info] GET ::1 /images/password.svg
[20:49:52] [info] GET ::1 /images/favicon.ico
[20:49:56] [info] GET ::1 /
[20:49:56] [info] GET ::1 /styles/global.css
[20:49:56] [info] GET ::1 /styles/custom.css
[20:49:56] [info] GET ::1 /styles/login.css
[20:49:56] [info] GET ::1 /images/logo.svg
[20:49:56] [info] GET ::1 /images/favicon.ico
[20:50:08] [info] GET ::1 /
[20:50:08] [info] GET ::1 /styles/global.css
[20:50:08] [info] GET ::1 /styles/login.css
[20:50:08] [info] GET ::1 /styles/custom.css
[20:50:08] [info] GET ::1 /images/logo.svg
[20:50:08] [info] GET ::1 /images/favicon.ico
[20:50:25] [info] GET ::1 /
[20:50:25] [info] GET ::1 /styles/global.css
[20:50:25] [info] GET ::1 /styles/custom.css
[20:50:25] [info] GET ::1 /styles/login.css
[20:50:25] [info] GET ::1 /images/logo.svg
[20:50:25] [info] GET ::1 /images/favicon.ico
[20:50:35] [info] GET ::1 /styles/global.css
[20:50:35] [info] GET ::1 /styles/custom.css
[20:50:35] [info] GET ::1 /styles/login.css
[20:53:02] [info] GET ::1 /
[20:53:03] [info] GET ::1 /styles/global.css
[20:53:03] [info] GET ::1 /styles/custom.css
[20:53:03] [info] GET ::1 /styles/login.css
[20:53:03] [info] GET ::1 /images/logo.svg
[20:53:03] [info] GET ::1 /images/user.svg
[20:53:03] [info] GET ::1 /images/password.svg
[20:53:03] [info] GET ::1 /images/favicon.ico
[20:53:54] [info] GET ::1 /
[20:53:54] [info] GET ::1 /styles/global.css
[20:53:54] [info] GET ::1 /styles/login.css
[20:53:54] [info] GET ::1 /styles/custom.css
[20:53:54] [info] GET ::1 /images/logo.svg
[20:53:54] [info] GET ::1 /images/user.svg
[20:53:54] [info] GET ::1 /images/password.svg
[20:53:54] [info] GET ::1 /images/favicon.ico
[20:55:53] [info] GET ::1 /
[20:55:53] [info] GET ::1 /styles/global.css
[20:55:53] [info] GET ::1 /styles/custom.css
[20:55:53] [info] GET ::1 /styles/login.css
[20:55:53] [info] GET ::1 /images/logo.svg
[20:55:53] [info] GET ::1 /images/background.jpg
[20:55:54] [info] GET ::1 /images/user.svg
[20:55:54] [info] GET ::1 /images/password.svg
[20:55:54] [info] GET ::1 /images/favicon.ico
[21:02:29] [info] GET ::1 /styles/global.css
[21:02:29] [info] GET ::1 /styles/custom.css
[21:02:29] [info] GET ::1 /styles/login.css
[21:08:08] [info] GET ::1 /
[21:08:08] [info] GET ::1 /styles/global.css
[21:08:08] [info] GET ::1 /styles/custom.css
[21:08:08] [info] GET ::1 /styles/login.css
[21:08:08] [info] GET ::1 /images/logo.svg
[21:08:08] [info] GET ::1 /images/background.jpg
[21:08:08] [info] GET ::1 /images/user.svg
[21:08:08] [info] GET ::1 /images/password.svg
[21:08:08] [info] GET ::1 /images/favicon.ico
[21:13:17] [info] GET ::1 /
[21:13:17] [info] GET ::1 /styles/global.css
[21:13:17] [info] GET ::1 /styles/custom.css
[21:13:17] [info] GET ::1 /styles/login.css
[21:13:17] [info] GET ::1 /images/logo.svg
[21:13:17] [info] GET ::1 /images/background.jpg
[21:13:17] [info] GET ::1 /images/user.svg
[21:13:17] [info] GET ::1 /images/password.svg
[21:13:17] [info] GET ::1 /images/favicon.ico
[21:13:56] [info] GET ::1 /
[21:13:56] [info] GET ::1 /styles/global.css
[21:13:56] [info] GET ::1 /styles/custom.css
[21:13:56] [info] GET ::1 /styles/login.css
[21:13:56] [info] GET ::1 /images/logo.svg
[21:13:56] [info] GET ::1 /images/background.jpg
[21:13:56] [info] GET ::1 /images/user.svg
[21:13:56] [info] GET ::1 /images/password.svg
[21:13:56] [info] GET ::1 /images/favicon.ico
[21:14:12] [info] GET ::1 /
[21:14:12] [info] GET ::1 /styles/global.css
[21:14:12] [info] GET ::1 /styles/custom.css
[21:14:12] [info] GET ::1 /styles/login.css
[21:14:12] [info] GET ::1 /images/logo.svg
[21:14:12] [info] GET ::1 /images/background.jpg
[21:14:12] [info] GET ::1 /images/user.svg
[21:14:12] [info] GET ::1 /images/password.svg
[21:14:12] [info] GET ::1 /images/favicon.ico
[21:14:48] [info] GET ::1 /
[21:14:48] [info] GET ::1 /styles/global.css
[21:14:48] [info] GET ::1 /styles/login.css
[21:14:48] [info] GET ::1 /styles/custom.css
[21:14:48] [info] GET ::1 /images/logo.svg
[21:14:48] [info] GET ::1 /images/background.jpg
[21:14:48] [info] GET ::1 /images/user.svg
[21:14:48] [info] GET ::1 /images/password.svg
[21:14:48] [info] GET ::1 /images/favicon.ico
[21:14:56] [info] GET ::1 /styles/global.css
[21:14:56] [info] GET ::1 /styles/custom.css
[21:14:56] [info] GET ::1 /styles/login.css
[21:17:10] [info] GET ::1 /
[21:17:10] [info] GET ::1 /styles/global.css
[21:17:10] [info] GET ::1 /styles/custom.css
[21:17:10] [info] GET ::1 /styles/login.css
[21:17:10] [info] GET ::1 /images/logo.svg
[21:17:10] [info] GET ::1 /images/background.jpg
[21:17:10] [info] GET ::1 /images/user.svg
[21:17:10] [info] GET ::1 /images/password.svg
[21:17:10] [info] GET ::1 /images/favicon.ico
[21:17:22] [info] GET ::1 /
[21:17:22] [info] GET ::1 /styles/global.css
[21:17:22] [info] GET ::1 /styles/custom.css
[21:17:22] [info] GET ::1 /styles/login.css
[21:17:22] [info] GET ::1 /images/logo.svg
[21:17:22] [info] GET ::1 /images/background.jpg
[21:17:22] [info] GET ::1 /images/user.svg
[21:17:22] [info] GET ::1 /images/password.svg
[21:17:22] [info] GET ::1 /images/favicon.ico
[21:21:22] [info] GET ::1 /
[21:21:22] [info] GET ::1 /styles/global.css
[21:21:22] [info] GET ::1 /styles/custom.css
[21:21:22] [info] GET ::1 /styles/login.css
[21:21:22] [info] GET ::1 /images/logo.svg
[21:21:22] [info] GET ::1 /images/user.svg
[21:21:22] [info] GET ::1 /images/password.svg
[21:21:22] [info] GET ::1 /images/favicon.ico
[21:21:28] [info] GET ::1 /
[21:21:28] [info] GET ::1 /styles/global.css
[21:21:28] [info] GET ::1 /styles/custom.css
[21:21:28] [info] GET ::1 /styles/login.css
[21:21:29] [info] GET ::1 /images/logo.svg
[21:21:29] [info] GET ::1 /images/user.svg
[21:21:29] [info] GET ::1 /images/password.svg
[21:21:29] [info] GET ::1 /images/favicon.ico
[21:22:49] [info] GET ::1 /
[21:22:49] [info] GET ::1 /styles/global.css
[21:22:49] [info] GET ::1 /styles/custom.css
[21:22:49] [info] GET ::1 /styles/login.css
[21:22:49] [info] GET ::1 /images/logo.svg
[21:22:49] [info] GET ::1 /images/user.svg
[21:22:49] [info] GET ::1 /images/password.svg
[21:22:49] [info] GET ::1 /images/favicon.ico
[21:22:49] [info] GET ::1 /
[21:22:49] [info] GET ::1 /styles/global.css
[21:22:49] [info] GET ::1 /styles/custom.css
[21:22:49] [info] GET ::1 /styles/login.css
[21:22:49] [info] GET ::1 /images/logo.svg
[21:22:49] [info] GET ::1 /images/favicon.ico
[21:23:03] [info] GET ::1 /styles/global.css
[21:23:03] [info] GET ::1 /styles/custom.css
[21:23:03] [info] GET ::1 /styles/login.css
[21:23:33] [info] GET ::1 /
[21:23:33] [info] GET ::1 /styles/global.css
[21:23:33] [info] GET ::1 /styles/custom.css
[21:23:33] [info] GET ::1 /styles/login.css
[21:23:33] [info] GET ::1 /images/logo.svg
[21:23:33] [info] GET ::1 /images/user.svg
[21:23:33] [info] GET ::1 /images/password.svg
[21:23:33] [info] GET ::1 /images/favicon.ico
[21:23:39] [info] GET ::1 /styles/global.css
[21:23:39] [info] GET ::1 /styles/custom.css
[21:23:39] [info] GET ::1 /styles/login.css
[21:24:44] [info] GET ::1 /
[21:24:45] [info] GET ::1 /styles/custom.css
[21:24:45] [info] GET ::1 /styles/global.css
[21:24:45] [info] GET ::1 /styles/login.css
[21:24:45] [info] GET ::1 /images/logo.svg
[21:24:45] [info] GET ::1 /images/background2.jpg
[21:24:45] [info] GET ::1 /images/user.svg
[21:24:45] [info] GET ::1 /images/password.svg
[21:24:45] [info] GET ::1 /images/favicon.ico
[21:25:08] [info] GET ::1 /
[21:25:08] [info] GET ::1 /styles/global.css
[21:25:08] [info] GET ::1 /styles/login.css
[21:25:08] [info] GET ::1 /styles/custom.css
[21:25:08] [info] GET ::1 /images/logo.svg
[21:25:08] [info] GET ::1 /images/background2.jpg
[21:25:08] [info] GET ::1 /images/user.svg
[21:25:08] [info] GET ::1 /images/password.svg
[21:25:08] [info] GET ::1 /images/favicon.ico
[21:25:34] [info] GET ::1 /
[21:25:34] [info] GET ::1 /styles/global.css
[21:25:34] [info] GET ::1 /styles/custom.css
[21:25:34] [info] GET ::1 /styles/login.css
[21:25:34] [info] GET ::1 /images/logo.svg
[21:25:34] [info] GET ::1 /images/background2.jpg
[21:25:34] [info] GET ::1 /images/user.svg
[21:25:34] [info] GET ::1 /images/password.svg
[21:25:34] [info] GET ::1 /images/favicon.ico
[21:25:53] [info] GET ::1 /
[21:25:53] [info] GET ::1 /styles/global.css
[21:25:53] [info] GET ::1 /styles/custom.css
[21:25:53] [info] GET ::1 /styles/login.css
[21:25:53] [info] GET ::1 /images/logo.svg
[21:25:53] [info] GET ::1 /images/background2.jpg
[21:25:53] [info] GET ::1 /images/user.svg
[21:25:53] [info] GET ::1 /images/password.svg
[21:25:53] [info] GET ::1 /images/favicon.ico
[21:26:02] [info] GET ::1 /
[21:26:02] [info] GET ::1 /styles/global.css
[21:26:02] [info] GET ::1 /styles/custom.css
[21:26:02] [info] GET ::1 /styles/login.css
[21:26:02] [info] GET ::1 /images/logo.svg
[21:26:02] [info] GET ::1 /images/background2.jpg
[21:26:02] [info] GET ::1 /images/user.svg
[21:26:02] [info] GET ::1 /images/password.svg
[21:26:02] [info] GET ::1 /images/favicon.ico
[21:26:09] [info] GET ::1 /
[21:26:09] [info] GET ::1 /styles/global.css
[21:26:09] [info] GET ::1 /styles/custom.css
[21:26:09] [info] GET ::1 /styles/login.css
[21:26:10] [info] GET ::1 /images/logo.svg
[21:26:10] [info] GET ::1 /images/background.jpg
[21:26:10] [info] GET ::1 /images/favicon.ico
[21:26:15] [info] GET ::1 /styles/global.css
[21:26:15] [info] GET ::1 /styles/custom.css
[21:26:15] [info] GET ::1 /styles/login.css
[21:28:38] [info] GET ::1 /
[21:28:38] [info] GET ::1 /styles/global.css
[21:28:38] [info] GET ::1 /styles/custom.css
[21:28:38] [info] GET ::1 /styles/login.css
[21:28:38] [info] GET ::1 /images/logo.svg
[21:28:38] [info] GET ::1 /images/background.jpg
[21:28:38] [info] GET ::1 /images/user.svg
[21:28:38] [info] GET ::1 /images/password.svg
[21:28:38] [info] GET ::1 /images/favicon.ico
