[18:07:25] [info] Started new express server on port: 5000
[18:07:32] [info] GET ::1 /
[18:07:32] [error] ReferenceError: C:\Users\Admin\Documents\Vi~Be\views\index.ejs:13
    11|     <h1><%= source %></h1>
    12| 
 >> 13|     <% new Audio(source).play() %>
    14| 
    15|     <audio controls autoplay>
    16|     <source src="<%= source %>" type="audio/mpeg">

Audio is not defined
    at eval (eval at compile (C:\Users\Admin\Documents\Vi~Be\node_modules\ejs\lib\ejs.js:662:12), <anonymous>:15:8)
    at index (C:\Users\Admin\Documents\Vi~Be\node_modules\ejs\lib\ejs.js:692:17)
    at tryHandleCache (C:\Users\Admin\Documents\Vi~Be\node_modules\ejs\lib\ejs.js:272:36)
    at View.exports.renderFile [as engine] (C:\Users\Admin\Documents\Vi~Be\node_modules\ejs\lib\ejs.js:489:10)
    at View.render (C:\Users\Admin\Documents\Vi~Be\node_modules\express\lib\view.js:135:8)
    at tryRender (C:\Users\Admin\Documents\Vi~Be\node_modules\express\lib\application.js:640:10)
    at Function.render (C:\Users\Admin\Documents\Vi~Be\node_modules\express\lib\application.js:592:3)
    at ServerResponse.render (C:\Users\Admin\Documents\Vi~Be\node_modules\express\lib\response.js:1012:7)
    at C:\Users\Admin\Documents\Vi~Be\dist\index.js:22:9
    at Layer.handle [as handle_request] (C:\Users\Admin\Documents\Vi~Be\node_modules\express\lib\router\layer.js:95:5)
