[21:03:22] [info] Started new express server on port: 5000
[21:03:24] [info] GET ::1 /new
[21:03:25] [info] GET ::1 /new
[21:03:28] [info] GET ::1 /
[21:03:28] [info] GET ::1 /styles/app.css
[21:03:28] [info] GET ::1 /styles/forms.css
[21:03:28] [info] GET ::1 /images/logo.svg
[21:03:28] [info] GET ::1 /images/background.jpg
[21:04:48] [info] GET ::1 /
[21:04:48] [info] GET ::1 /styles/forms.css
[21:04:48] [info] GET ::1 /styles/app.css
[21:04:48] [info] GET ::1 /images/logo.svg
[21:04:48] [info] GET ::1 /images/background.jpg
[21:05:35] [info] GET ::1 /
[21:05:35] [info] GET ::1 /styles/app.css
[21:05:35] [info] GET ::1 /styles/forms.css
[21:05:35] [info] GET ::1 /images/logo.svg
[21:05:35] [info] GET ::1 /images/background.jpg
[21:05:44] [info] GET ::1 /
[21:05:44] [info] GET ::1 /styles/forms.css
[21:05:44] [info] GET ::1 /styles/app.css
[21:05:44] [info] GET ::1 /images/logo.svg
[21:05:44] [info] GET ::1 /images/background.jpg
[21:05:45] [info] GET ::1 /
[21:05:45] [info] GET ::1 /styles/app.css
[21:05:45] [info] GET ::1 /styles/forms.css
[21:05:45] [info] GET ::1 /images/logo.svg
[21:05:45] [info] GET ::1 /images/background.jpg
[21:05:45] [info] GET ::1 /
[21:05:45] [info] GET ::1 /styles/app.css
[21:05:45] [info] GET ::1 /styles/forms.css
[21:05:45] [info] GET ::1 /images/logo.svg
[21:05:45] [info] GET ::1 /images/background.jpg
[21:05:46] [info] GET ::1 /
[21:05:46] [info] GET ::1 /styles/app.css
[21:05:46] [info] GET ::1 /styles/forms.css
[21:05:46] [info] GET ::1 /images/logo.svg
[21:05:46] [info] GET ::1 /images/background.jpg
[21:05:46] [info] GET ::1 /
[21:05:46] [info] GET ::1 /styles/app.css
[21:05:46] [info] GET ::1 /styles/forms.css
[21:05:46] [info] GET ::1 /images/logo.svg
[21:05:46] [info] GET ::1 /images/background.jpg
[21:06:01] [info] GET ::1 /
[21:06:01] [info] GET ::1 /styles/app.css
[21:06:01] [info] GET ::1 /styles/forms.css
[21:06:01] [info] GET ::1 /images/logo.svg
[21:06:01] [info] GET ::1 /images/background.jpg
[21:07:30] [info] GET ::1 /
[21:07:30] [info] GET ::1 /styles/app.css
[21:07:30] [info] GET ::1 /styles/forms.css
[21:07:30] [info] GET ::1 /images/logo.svg
[21:07:30] [info] GET ::1 /images/background.jpg
[21:08:06] [info] GET ::1 /
[21:08:06] [info] GET ::1 /styles/forms.css
[21:08:06] [info] GET ::1 /styles/app.css
[21:08:06] [info] GET ::1 /images/logo.svg
[21:08:06] [info] GET ::1 /images/background.jpg
[21:08:29] [info] GET ::1 /
[21:08:29] [info] GET ::1 /styles/app.css
[21:08:29] [info] GET ::1 /styles/forms.css
[21:08:29] [info] GET ::1 /images/logo.svg
[21:08:29] [info] GET ::1 /images/background.jpg
[21:09:00] [info] GET ::1 /
[21:09:00] [info] GET ::1 /styles/app.css
[21:09:00] [info] GET ::1 /styles/forms.css
[21:09:00] [info] GET ::1 /images/logo.svg
[21:09:00] [info] GET ::1 /images/background.jpg
[21:13:18] [info] GET ::1 /
[21:13:18] [info] GET ::1 /styles/app.css
[21:13:18] [info] GET ::1 /styles/forms.css
[21:13:18] [info] GET ::1 /images/logo.svg
[21:13:18] [info] GET ::1 /images/background.jpg
[21:13:18] [info] GET ::1 /
[21:13:18] [info] GET ::1 /styles/app.css
[21:13:18] [info] GET ::1 /styles/forms.css
[21:13:18] [info] GET ::1 /images/logo.svg
[21:13:18] [info] GET ::1 /images/background.jpg
[21:17:51] [info] GET ::1 /
[21:17:51] [info] GET ::1 /styles/app.css
[21:17:51] [info] GET ::1 /styles/forms.css
[21:17:51] [info] GET ::1 /images/logo.svg
[21:17:51] [info] GET ::1 /images/background.jpg
[21:19:45] [info] GET ::1 /
[21:19:45] [info] GET ::1 /styles/app.css
[21:19:45] [info] GET ::1 /styles/forms.css
[21:19:45] [info] GET ::1 /images/logo.svg
[21:19:45] [info] GET ::1 /images/background.jpg
[21:19:54] [info] GET ::1 /
[21:19:54] [info] GET ::1 /styles/app.css
[21:19:54] [info] GET ::1 /styles/forms.css
[21:19:54] [info] GET ::1 /images/logo.svg
[21:19:54] [info] GET ::1 /images/background.jpg
[21:20:42] [info] GET ::1 /
[21:20:42] [info] GET ::1 /styles/app.css
[21:20:42] [info] GET ::1 /styles/forms.css
[21:20:42] [info] GET ::1 /images/logo.svg
[21:20:42] [info] GET ::1 /images/background.jpg
[21:22:00] [info] GET ::1 /
[21:22:00] [info] GET ::1 /styles/app.css
[21:22:00] [info] GET ::1 /styles/forms.css
[21:22:00] [info] GET ::1 /images/logo.svg
[21:22:00] [info] GET ::1 /images/background.jpg
[21:22:17] [info] GET ::1 /
[21:22:17] [info] GET ::1 /styles/app.css
[21:22:17] [info] GET ::1 /styles/forms.css
[21:22:17] [info] GET ::1 /images/logo.svg
[21:22:17] [info] GET ::1 /images/background.jpg
[21:24:16] [info] GET ::1 /
[21:24:16] [info] GET ::1 /styles/app.css
[21:24:16] [info] GET ::1 /styles/forms.css
[21:24:16] [info] GET ::1 /images/logo.svg
[21:24:16] [info] GET ::1 /images/background.jpg
[21:24:37] [info] GET ::1 /
[21:24:37] [info] GET ::1 /styles/app.css
[21:24:37] [info] GET ::1 /styles/forms.css
[21:24:37] [info] GET ::1 /images/logo.svg
[21:24:37] [info] GET ::1 /images/background.jpg
[21:24:37] [info] GET ::1 /
[21:24:37] [info] GET ::1 /styles/app.css
[21:24:37] [info] GET ::1 /styles/forms.css
[21:24:37] [info] GET ::1 /images/logo.svg
[21:24:37] [info] GET ::1 /images/background.jpg
[21:24:38] [info] GET ::1 /
[21:24:38] [info] GET ::1 /styles/app.css
[21:24:38] [info] GET ::1 /styles/forms.css
[21:24:38] [info] GET ::1 /images/logo.svg
[21:24:38] [info] GET ::1 /images/background.jpg
[21:24:38] [info] GET ::1 /
[21:24:38] [info] GET ::1 /styles/app.css
[21:24:38] [info] GET ::1 /styles/forms.css
[21:24:38] [info] GET ::1 /images/logo.svg
[21:24:38] [info] GET ::1 /images/background.jpg
[21:24:47] [info] GET ::1 /
[21:24:47] [info] GET ::1 /styles/forms.css
[21:24:47] [info] GET ::1 /styles/app.css
[21:24:47] [info] GET ::1 /images/logo.svg
[21:24:47] [info] GET ::1 /images/background.jpg
[21:24:57] [info] GET ::1 /
[21:24:57] [info] GET ::1 /styles/forms.css
[21:24:57] [info] GET ::1 /styles/app.css
[21:24:57] [info] GET ::1 /images/logo.svg
[21:24:57] [info] GET ::1 /images/background.jpg
[21:25:32] [info] GET ::1 /
[21:25:32] [info] GET ::1 /styles/forms.css
[21:25:32] [info] GET ::1 /styles/app.css
[21:25:32] [info] GET ::1 /images/logo.svg
[21:25:32] [info] GET ::1 /images/background.jpg
[21:25:32] [info] GET ::1 /
[21:25:32] [info] GET ::1 /styles/app.css
[21:25:32] [info] GET ::1 /styles/forms.css
[21:25:32] [info] GET ::1 /images/logo.svg
[21:25:32] [info] GET ::1 /images/background.jpg
[21:25:41] [info] GET ::1 /
[21:25:41] [info] GET ::1 /styles/forms.css
[21:25:41] [info] GET ::1 /styles/app.css
[21:25:41] [info] GET ::1 /images/logo.svg
[21:25:41] [info] GET ::1 /images/background.jpg
[21:25:55] [info] GET ::1 /
[21:25:55] [info] GET ::1 /styles/forms.css
[21:25:55] [info] GET ::1 /styles/app.css
[21:25:55] [info] GET ::1 /images/logo.svg
[21:25:55] [info] GET ::1 /images/background.jpg
[21:26:07] [info] GET ::1 /
[21:26:07] [info] GET ::1 /styles/forms.css
[21:26:07] [info] GET ::1 /styles/app.css
[21:26:07] [info] GET ::1 /images/logo.svg
[21:26:07] [info] GET ::1 /images/background.jpg
[21:26:15] [info] GET ::1 /
[21:26:15] [info] GET ::1 /styles/forms.css
[21:26:15] [info] GET ::1 /styles/app.css
[21:26:15] [info] GET ::1 /images/logo.svg
[21:26:15] [info] GET ::1 /images/background.jpg
[21:26:28] [info] GET ::1 /
[21:26:28] [info] GET ::1 /styles/app.css
[21:26:28] [info] GET ::1 /styles/forms.css
[21:26:28] [info] GET ::1 /images/logo.svg
[21:26:28] [info] GET ::1 /images/background.jpg
[21:26:45] [info] GET ::1 /
[21:26:45] [info] GET ::1 /styles/forms.css
[21:26:45] [info] GET ::1 /styles/app.css
[21:26:45] [info] GET ::1 /images/logo.svg
[21:26:45] [info] GET ::1 /images/background.jpg
[21:26:54] [info] GET ::1 /
[21:26:54] [info] GET ::1 /styles/forms.css
[21:26:54] [info] GET ::1 /styles/app.css
[21:26:54] [info] GET ::1 /images/logo.svg
[21:26:54] [info] GET ::1 /images/background.jpg
[21:27:03] [info] GET ::1 /
[21:27:03] [info] GET ::1 /styles/forms.css
[21:27:03] [info] GET ::1 /styles/app.css
[21:27:03] [info] GET ::1 /images/logo.svg
[21:27:03] [info] GET ::1 /images/background.jpg
[21:27:10] [info] GET ::1 /
[21:27:10] [info] GET ::1 /styles/forms.css
[21:27:10] [info] GET ::1 /styles/app.css
[21:27:10] [info] GET ::1 /images/logo.svg
[21:27:10] [info] GET ::1 /images/background.jpg
[21:27:41] [info] GET ::1 /
[21:27:41] [info] GET ::1 /styles/app.css
[21:27:41] [info] GET ::1 /styles/forms.css
[21:27:41] [info] GET ::1 /images/logo.svg
[21:27:41] [info] GET ::1 /images/background.jpg
[21:27:49] [info] GET ::1 /
[21:27:49] [info] GET ::1 /styles/forms.css
[21:27:49] [info] GET ::1 /styles/app.css
[21:27:49] [info] GET ::1 /images/logo.svg
[21:27:49] [info] GET ::1 /images/background.jpg
[21:28:01] [info] GET ::1 /
[21:28:01] [info] GET ::1 /styles/forms.css
[21:28:01] [info] GET ::1 /styles/app.css
[21:28:01] [info] GET ::1 /images/logo.svg
[21:28:01] [info] GET ::1 /images/background.jpg
[21:28:08] [info] GET ::1 /
[21:28:08] [info] GET ::1 /styles/forms.css
[21:28:08] [info] GET ::1 /styles/app.css
[21:28:08] [info] GET ::1 /images/logo.svg
[21:28:08] [info] GET ::1 /images/background.jpg
[21:28:15] [info] GET ::1 /
[21:28:15] [info] GET ::1 /styles/forms.css
[21:28:15] [info] GET ::1 /styles/app.css
[21:28:15] [info] GET ::1 /images/logo.svg
[21:28:15] [info] GET ::1 /images/background.jpg
[21:28:23] [info] GET ::1 /
[21:28:23] [info] GET ::1 /styles/forms.css
[21:28:23] [info] GET ::1 /styles/app.css
[21:28:23] [info] GET ::1 /images/logo.svg
[21:28:23] [info] GET ::1 /images/background.jpg
[21:28:30] [info] GET ::1 /
[21:28:30] [info] GET ::1 /styles/app.css
[21:28:30] [info] GET ::1 /styles/forms.css
[21:28:30] [info] GET ::1 /images/logo.svg
[21:28:30] [info] GET ::1 /images/background.jpg
[21:28:37] [info] GET ::1 /styles/app.css
[21:28:37] [info] GET ::1 /styles/forms.css
[21:29:15] [info] GET ::1 /
[21:29:16] [info] GET ::1 /styles/app.css
[21:29:16] [info] GET ::1 /styles/forms.css
[21:29:16] [info] GET ::1 /images/logo.svg
[21:29:16] [info] GET ::1 /images/background.jpg
[21:29:29] [info] GET ::1 /
[21:29:29] [info] GET ::1 /styles/forms.css
[21:29:29] [info] GET ::1 /styles/app.css
[21:29:29] [info] GET ::1 /images/logo.svg
[21:29:29] [info] GET ::1 /images/background.jpg
[21:30:30] [info] GET ::1 /
[21:30:30] [info] GET ::1 /styles/app.css
[21:30:30] [info] GET ::1 /styles/forms.css
[21:30:30] [info] GET ::1 /images/logo.svg
[21:30:30] [info] GET ::1 /images/background.jpg
[21:30:40] [info] GET ::1 /
[21:30:40] [info] GET ::1 /styles/app.css
[21:30:40] [info] GET ::1 /styles/forms.css
[21:30:40] [info] GET ::1 /images/logo.svg
[21:30:40] [info] GET ::1 /images/background.jpg
[21:31:11] [info] GET ::1 /
[21:31:11] [info] GET ::1 /styles/app.css
[21:31:11] [info] GET ::1 /styles/forms.css
[21:31:11] [info] GET ::1 /images/logo.svg
[21:31:11] [info] GET ::1 /images/background.jpg
[21:31:32] [info] GET ::1 /
[21:31:32] [info] GET ::1 /styles/forms.css
[21:31:32] [info] GET ::1 /styles/app.css
[21:31:32] [info] GET ::1 /images/logo.svg
[21:31:32] [info] GET ::1 /images/background.jpg
[21:31:39] [info] GET ::1 /
[21:31:39] [info] GET ::1 /styles/forms.css
[21:31:39] [info] GET ::1 /styles/app.css
[21:31:39] [info] GET ::1 /images/logo.svg
[21:31:39] [info] GET ::1 /images/background.jpg
[21:32:40] [info] GET ::1 /
[21:32:40] [info] GET ::1 /styles/forms.css
[21:32:40] [info] GET ::1 /styles/app.css
[21:32:40] [info] GET ::1 /images/logo.svg
[21:32:40] [info] GET ::1 /images/background.jpg
[21:33:21] [info] GET ::1 /
[21:33:21] [info] GET ::1 /styles/app.css
[21:33:21] [info] GET ::1 /styles/forms.css
[21:33:21] [info] GET ::1 /images/logo.svg
[21:33:21] [info] GET ::1 /images/background.jpg
[21:33:22] [info] GET ::1 /
[21:33:22] [info] GET ::1 /styles/app.css
[21:33:22] [info] GET ::1 /styles/forms.css
[21:33:22] [info] GET ::1 /images/logo.svg
[21:33:22] [info] GET ::1 /images/background.jpg
[21:33:37] [info] GET ::1 /
[21:33:37] [info] GET ::1 /styles/forms.css
[21:33:37] [info] GET ::1 /styles/app.css
[21:33:37] [info] GET ::1 /images/logo.svg
[21:33:37] [info] GET ::1 /images/background.jpg
[21:34:06] [info] GET ::1 /
[21:34:06] [info] GET ::1 /styles/forms.css
[21:34:06] [info] GET ::1 /styles/app.css
[21:34:06] [info] GET ::1 /images/logo.svg
[21:34:06] [info] GET ::1 /images/background.jpg
[21:34:25] [info] GET ::1 /
[21:34:25] [info] GET ::1 /styles/app.css
[21:34:25] [info] GET ::1 /styles/forms.css
[21:34:25] [info] GET ::1 /images/logo.svg
[21:34:25] [info] GET ::1 /images/background.jpg
[21:34:47] [info] GET ::1 /
[21:34:47] [info] GET ::1 /styles/forms.css
[21:34:47] [info] GET ::1 /styles/app.css
[21:34:47] [info] GET ::1 /images/logo.svg
[21:34:47] [info] GET ::1 /images/background.jpg
[21:34:55] [info] GET ::1 /
[21:34:55] [info] GET ::1 /styles/forms.css
[21:34:55] [info] GET ::1 /styles/app.css
[21:34:55] [info] GET ::1 /images/logo.svg
[21:34:55] [info] GET ::1 /images/background.jpg
[21:35:13] [info] GET ::1 /
[21:35:13] [info] GET ::1 /styles/forms.css
[21:35:13] [info] GET ::1 /styles/app.css
[21:35:13] [info] GET ::1 /images/logo.svg
[21:35:13] [info] GET ::1 /images/background.jpg
[21:35:23] [info] GET ::1 /
[21:35:23] [info] GET ::1 /styles/forms.css
[21:35:23] [info] GET ::1 /styles/app.css
[21:35:23] [info] GET ::1 /images/logo.svg
[21:35:23] [info] GET ::1 /images/background.jpg
[21:35:34] [info] GET ::1 /
[21:35:34] [info] GET ::1 /styles/forms.css
[21:35:34] [info] GET ::1 /styles/app.css
[21:35:34] [info] GET ::1 /images/logo.svg
[21:35:34] [info] GET ::1 /images/background.jpg
