[19:07:59] [info] Started new express server on port: 5000
[19:08:01] [info] GET ::1 /
[19:08:01] [info] GET ::1 /styles/global.css
[19:08:01] [info] GET ::1 /styles/login.css
[19:08:01] [info] GET ::1 /styles/custom.css
[19:08:01] [info] GET ::1 /images/logo.svg
[19:08:01] [info] GET ::1 /images/background.jpg
[19:08:01] [info] GET ::1 /images/user.svg
[19:08:01] [info] GET ::1 /images/password.svg
[19:08:01] [info] GET ::1 /images/favicon.ico
[19:26:28] [info] GET ::1 /
[19:26:28] [info] GET ::1 /styles/global.css
[19:26:28] [info] GET ::1 /styles/login.css
[19:26:28] [info] GET ::1 /styles/custom.css
[19:26:28] [info] GET ::1 /images/logo.svg
[19:26:28] [info] GET ::1 /images/background.jpg
[19:26:28] [info] GET ::1 /images/user.svg
[19:26:28] [info] GET ::1 /images/password.svg
[19:26:28] [info] GET ::1 /images/favicon.ico
[19:26:29] [info] GET ::1 /
[19:26:29] [info] GET ::1 /styles/global.css
[19:26:29] [info] GET ::1 /styles/login.css
[19:26:29] [info] GET ::1 /styles/custom.css
[19:26:29] [info] GET ::1 /images/logo.svg
[19:26:29] [info] GET ::1 /images/background.jpg
[19:26:29] [info] GET ::1 /images/favicon.ico
[19:27:48] [info] GET ::1 /
[19:27:49] [info] GET ::1 /styles/global.css
[19:27:49] [info] GET ::1 /styles/login.css
[19:27:49] [info] GET ::1 /styles/custom.css
[19:27:49] [info] GET ::1 /images/logo.svg
[19:27:49] [info] GET ::1 /images/background.jpg
[19:27:49] [info] GET ::1 /images/user.svg
[19:27:49] [info] GET ::1 /images/password.svg
[19:27:49] [info] GET ::1 /images/favicon.ico
[19:28:47] [info] GET ::1 /
[19:28:47] [info] GET ::1 /styles/global.css
[19:28:47] [info] GET ::1 /styles/login.css
[19:28:47] [info] GET ::1 /styles/custom.css
[19:28:47] [info] GET ::1 /images/logo.svg
[19:28:47] [info] GET ::1 /images/background.jpg
[19:28:47] [info] GET ::1 /images/user.svg
[19:28:47] [info] GET ::1 /images/password.svg
[19:28:47] [info] GET ::1 /images/favicon.ico
[19:29:18] [info] GET ::1 /
[19:29:18] [info] GET ::1 /styles/global.css
[19:29:18] [info] GET ::1 /styles/login.css
[19:29:18] [info] GET ::1 /styles/custom.css
[19:29:18] [info] GET ::1 /images/logo.svg
[19:29:18] [info] GET ::1 /images/background.jpg
[19:29:18] [info] GET ::1 /images/user.svg
[19:29:18] [info] GET ::1 /images/password.svg
[19:29:18] [info] GET ::1 /images/favicon.ico
[19:37:25] [info] GET ::1 /
[19:37:25] [info] GET ::1 /styles/global.css
[19:37:25] [info] GET ::1 /styles/custom.css
[19:37:25] [info] GET ::1 /styles/login.css
[19:37:25] [info] GET ::1 /images/logo.svg
[19:37:25] [info] GET ::1 /images/background.jpg
[19:37:25] [info] GET ::1 /images/user.svg
[19:37:25] [info] GET ::1 /images/password.svg
[19:37:25] [info] GET ::1 /images/favicon.ico
[19:38:10] [info] GET ::1 /
[19:38:10] [info] GET ::1 /styles/global.css
[19:38:10] [info] GET ::1 /styles/login.css
[19:38:10] [info] GET ::1 /styles/custom.css
[19:38:10] [info] GET ::1 /images/logo.svg
[19:38:10] [info] GET ::1 /images/background.jpg
[19:38:10] [info] GET ::1 /images/user.svg
[19:38:10] [info] GET ::1 /images/password.svg
[19:38:10] [info] GET ::1 /images/favicon.ico
[19:38:30] [info] GET ::1 /
[19:38:30] [info] GET ::1 /styles/global.css
[19:38:30] [info] GET ::1 /styles/login.css
[19:38:30] [info] GET ::1 /styles/custom.css
[19:38:30] [info] GET ::1 /images/logo.svg
[19:38:30] [info] GET ::1 /images/background.jpg
[19:38:30] [info] GET ::1 /images/user.svg
[19:38:30] [info] GET ::1 /images/password.svg
[19:38:30] [info] GET ::1 /images/favicon.ico
[19:38:44] [info] GET ::1 /
[19:38:44] [info] GET ::1 /styles/global.css
[19:38:44] [info] GET ::1 /styles/login.css
[19:38:44] [info] GET ::1 /styles/custom.css
[19:38:44] [info] GET ::1 /images/logo.svg
[19:38:44] [info] GET ::1 /images/background.jpg
[19:38:44] [info] GET ::1 /images/user.svg
[19:38:44] [info] GET ::1 /images/password.svg
[19:38:44] [info] GET ::1 /images/favicon.ico
[19:41:59] [info] GET ::1 /
[19:41:59] [info] GET ::1 /styles/global.css
[19:41:59] [info] GET ::1 /styles/login.css
[19:41:59] [info] GET ::1 /styles/custom.css
[19:41:59] [info] GET ::1 /images/logo.svg
[19:41:59] [info] GET ::1 /images/background.jpg
[19:41:59] [info] GET ::1 /images/user.svg
[19:41:59] [info] GET ::1 /images/password.svg
[19:41:59] [info] GET ::1 /images/favicon.ico
[19:42:06] [info] POST ::1 /submit-login
[19:43:12] [info] GET ::1 /
[19:43:12] [info] GET ::1 /styles/global.css
[19:43:12] [info] GET ::1 /styles/login.css
[19:43:12] [info] GET ::1 /styles/custom.css
[19:43:12] [info] GET ::1 /images/logo.svg
[19:43:12] [info] GET ::1 /images/background.jpg
[19:43:12] [info] GET ::1 /images/user.svg
[19:43:12] [info] GET ::1 /images/password.svg
[19:43:12] [info] GET ::1 /images/favicon.ico
[19:44:07] [info] GET ::1 /
[19:44:07] [info] GET ::1 /styles/global.css
[19:44:07] [info] GET ::1 /styles/login.css
[19:44:08] [info] GET ::1 /styles/custom.css
[19:44:08] [info] GET ::1 /images/logo.svg
[19:44:08] [info] GET ::1 /images/background.jpg
[19:44:08] [info] GET ::1 /images/user.svg
[19:44:08] [info] GET ::1 /images/password.svg
[19:44:08] [info] GET ::1 /images/favicon.ico
[19:44:53] [info] GET ::1 /
[19:44:53] [info] GET ::1 /styles/global.css
[19:44:53] [info] GET ::1 /styles/login.css
[19:44:53] [info] GET ::1 /styles/custom.css
[19:44:53] [info] GET ::1 /images/logo.svg
[19:44:53] [info] GET ::1 /images/background.jpg
[19:44:53] [info] GET ::1 /images/user.svg
[19:44:53] [info] GET ::1 /images/password.svg
[19:44:53] [info] GET ::1 /images/favicon.ico
[19:45:06] [info] GET ::1 /
[19:45:06] [info] GET ::1 /styles/global.css
[19:45:06] [info] GET ::1 /styles/login.css
[19:45:06] [info] GET ::1 /styles/custom.css
[19:45:06] [info] GET ::1 /images/logo.svg
[19:45:06] [info] GET ::1 /images/background.jpg
[19:45:06] [info] GET ::1 /images/user.svg
[19:45:06] [info] GET ::1 /images/password.svg
[19:45:06] [info] GET ::1 /images/favicon.ico
[19:45:29] [info] GET ::1 /
[19:45:29] [info] GET ::1 /styles/global.css
[19:45:29] [info] GET ::1 /styles/login.css
[19:45:29] [info] GET ::1 /styles/custom.css
[19:45:29] [info] GET ::1 /images/logo.svg
[19:45:29] [info] GET ::1 /images/background.jpg
[19:45:29] [info] GET ::1 /images/user.svg
[19:45:29] [info] GET ::1 /images/password.svg
[19:45:29] [info] GET ::1 /images/favicon.ico
[19:45:39] [info] GET ::1 /
[19:45:39] [info] GET ::1 /styles/global.css
[19:45:39] [info] GET ::1 /styles/custom.css
[19:45:39] [info] GET ::1 /styles/login.css
[19:45:39] [info] GET ::1 /images/logo.svg
[19:45:39] [info] GET ::1 /images/background.jpg
[19:45:39] [info] GET ::1 /images/user.svg
[19:45:39] [info] GET ::1 /images/password.svg
[19:45:39] [info] GET ::1 /images/favicon.ico
[19:45:55] [info] GET ::1 /
[19:45:55] [info] GET ::1 /styles/global.css
[19:45:55] [info] GET ::1 /styles/login.css
[19:45:55] [info] GET ::1 /styles/custom.css
[19:45:55] [info] GET ::1 /images/logo.svg
[19:45:55] [info] GET ::1 /images/background.jpg
[19:45:55] [info] GET ::1 /images/user.svg
[19:45:55] [info] GET ::1 /images/password.svg
[19:45:55] [info] GET ::1 /images/favicon.ico
[19:46:03] [info] GET ::1 /
[19:46:03] [info] GET ::1 /styles/global.css
[19:46:03] [info] GET ::1 /styles/custom.css
[19:46:03] [info] GET ::1 /styles/login.css
[19:46:03] [info] GET ::1 /images/logo.svg
[19:46:03] [info] GET ::1 /images/background.jpg
[19:46:03] [info] GET ::1 /images/user.svg
[19:46:03] [info] GET ::1 /images/password.svg
[19:46:03] [info] GET ::1 /images/favicon.ico
[19:46:22] [info] GET ::1 /
[19:46:22] [info] GET ::1 /styles/login.css
[19:46:22] [info] GET ::1 /styles/global.css
[19:46:22] [info] GET ::1 /styles/custom.css
[19:46:22] [info] GET ::1 /images/logo.svg
[19:46:22] [info] GET ::1 /images/background.jpg
[19:46:22] [info] GET ::1 /images/user.svg
[19:46:22] [info] GET ::1 /images/password.svg
[19:46:22] [info] GET ::1 /images/favicon.ico
[19:46:33] [info] GET ::1 /register
[19:47:40] [info] GET ::1 /
[19:47:40] [info] GET ::1 /styles/global.css
[19:47:40] [info] GET ::1 /styles/login.css
[19:47:40] [info] GET ::1 /styles/custom.css
[19:47:40] [info] GET ::1 /images/logo.svg
[19:47:40] [info] GET ::1 /images/background.jpg
[19:47:40] [info] GET ::1 /images/user.svg
[19:47:40] [info] GET ::1 /images/password.svg
[19:47:40] [info] GET ::1 /images/favicon.ico
[19:47:59] [info] GET ::1 /
[19:47:59] [info] GET ::1 /styles/global.css
[19:47:59] [info] GET ::1 /styles/login.css
[19:47:59] [info] GET ::1 /styles/custom.css
[19:47:59] [info] GET ::1 /images/logo.svg
[19:47:59] [info] GET ::1 /images/background.jpg
[19:47:59] [info] GET ::1 /images/user.svg
[19:47:59] [info] GET ::1 /images/password.svg
[19:47:59] [info] GET ::1 /images/favicon.ico
[19:48:07] [info] GET ::1 /
[19:48:07] [info] GET ::1 /styles/global.css
[19:48:07] [info] GET ::1 /styles/login.css
[19:48:07] [info] GET ::1 /styles/custom.css
[19:48:07] [info] GET ::1 /images/logo.svg
[19:48:07] [info] GET ::1 /images/background.jpg
[19:48:07] [info] GET ::1 /images/user.svg
[19:48:07] [info] GET ::1 /images/password.svg
[19:48:07] [info] GET ::1 /images/favicon.ico
[19:48:17] [info] GET ::1 /
[19:48:17] [info] GET ::1 /styles/global.css
[19:48:17] [info] GET ::1 /styles/custom.css
[19:48:17] [info] GET ::1 /styles/login.css
[19:48:17] [info] GET ::1 /images/logo.svg
[19:48:17] [info] GET ::1 /images/background.jpg
[19:48:17] [info] GET ::1 /images/user.svg
[19:48:17] [info] GET ::1 /images/password.svg
[19:48:17] [info] GET ::1 /images/favicon.ico
[19:48:31] [info] GET ::1 /
[19:48:31] [info] GET ::1 /styles/global.css
[19:48:31] [info] GET ::1 /styles/login.css
[19:48:31] [info] GET ::1 /styles/custom.css
[19:48:31] [info] GET ::1 /images/logo.svg
[19:48:31] [info] GET ::1 /images/background.jpg
[19:48:31] [info] GET ::1 /images/user.svg
[19:48:31] [info] GET ::1 /images/password.svg
[19:48:31] [info] GET ::1 /images/favicon.ico
[19:48:46] [info] GET ::1 /
[19:48:46] [info] GET ::1 /styles/global.css
[19:48:46] [info] GET ::1 /styles/login.css
[19:48:46] [info] GET ::1 /styles/custom.css
[19:48:46] [info] GET ::1 /images/logo.svg
[19:48:46] [info] GET ::1 /images/background.jpg
[19:48:46] [info] GET ::1 /images/user.svg
[19:48:46] [info] GET ::1 /images/password.svg
[19:48:46] [info] GET ::1 /images/favicon.ico
[19:49:07] [info] GET ::1 /
[19:49:07] [info] GET ::1 /styles/global.css
[19:49:07] [info] GET ::1 /styles/login.css
[19:49:07] [info] GET ::1 /styles/custom.css
[19:49:07] [info] GET ::1 /images/logo.svg
[19:49:07] [info] GET ::1 /images/background.jpg
[19:49:07] [info] GET ::1 /images/user.svg
[19:49:07] [info] GET ::1 /images/password.svg
[19:49:07] [info] GET ::1 /images/favicon.ico
[19:49:24] [info] GET ::1 /
[19:49:24] [info] GET ::1 /styles/global.css
[19:49:24] [info] GET ::1 /styles/login.css
[19:49:24] [info] GET ::1 /styles/custom.css
[19:49:24] [info] GET ::1 /images/logo.svg
[19:49:24] [info] GET ::1 /images/background.jpg
[19:49:24] [info] GET ::1 /images/user.svg
[19:49:24] [info] GET ::1 /images/password.svg
[19:49:24] [info] GET ::1 /images/favicon.ico
[19:50:28] [info] GET ::1 /
[19:50:28] [info] GET ::1 /styles/global.css
[19:50:28] [info] GET ::1 /styles/login.css
[19:50:28] [info] GET ::1 /styles/custom.css
[19:50:28] [info] GET ::1 /images/logo.svg
[19:50:28] [info] GET ::1 /images/background.jpg
[19:50:28] [info] GET ::1 /images/user.svg
[19:50:28] [info] GET ::1 /images/password.svg
[19:50:28] [info] GET ::1 /images/favicon.ico
[19:50:35] [info] GET ::1 /
[19:50:35] [info] GET ::1 /styles/global.css
[19:50:35] [info] GET ::1 /styles/login.css
[19:50:35] [info] GET ::1 /styles/custom.css
[19:50:35] [info] GET ::1 /images/logo.svg
[19:50:35] [info] GET ::1 /images/background.jpg
[19:50:35] [info] GET ::1 /images/user.svg
[19:50:35] [info] GET ::1 /images/password.svg
[19:50:35] [info] GET ::1 /images/favicon.ico
[19:50:39] [info] GET ::1 /styles/global.css
[19:50:39] [info] GET ::1 /styles/login.css
[19:50:39] [info] GET ::1 /styles/custom.css
[19:51:05] [info] GET ::1 /
[19:51:05] [info] GET ::1 /styles/global.css
[19:51:05] [info] GET ::1 /styles/custom.css
[19:51:05] [info] GET ::1 /styles/login.css
[19:51:05] [info] GET ::1 /images/logo.svg
[19:51:05] [info] GET ::1 /images/background.jpg
[19:51:05] [info] GET ::1 /images/user.svg
[19:51:05] [info] GET ::1 /images/password.svg
[19:51:05] [info] GET ::1 /images/favicon.ico
[19:51:13] [info] GET ::1 /
[19:51:13] [info] GET ::1 /styles/global.css
[19:51:13] [info] GET ::1 /styles/login.css
[19:51:13] [info] GET ::1 /styles/custom.css
[19:51:13] [info] GET ::1 /images/logo.svg
[19:51:13] [info] GET ::1 /images/background.jpg
[19:51:13] [info] GET ::1 /images/user.svg
[19:51:13] [info] GET ::1 /images/password.svg
[19:51:13] [info] GET ::1 /images/favicon.ico
[19:52:53] [info] GET ::1 /
[19:52:53] [info] GET ::1 /styles/global.css
[19:52:53] [info] GET ::1 /styles/login.css
[19:52:53] [info] GET ::1 /styles/custom.css
[19:52:53] [info] GET ::1 /images/logo.svg
[19:52:53] [info] GET ::1 /images/background.jpg
[19:52:53] [info] GET ::1 /images/user.svg
[19:52:53] [info] GET ::1 /images/password.svg
[19:52:53] [info] GET ::1 /images/favicon.ico
[19:53:07] [info] GET ::1 /
[19:53:07] [info] GET ::1 /styles/global.css
[19:53:07] [info] GET ::1 /styles/login.css
[19:53:07] [info] GET ::1 /styles/custom.css
[19:53:07] [info] GET ::1 /images/logo.svg
[19:53:07] [info] GET ::1 /images/background.jpg
[19:53:07] [info] GET ::1 /images/user.svg
[19:53:08] [info] GET ::1 /images/password.svg
[19:53:08] [info] GET ::1 /images/favicon.ico
[19:53:53] [info] GET ::1 /
[19:53:53] [info] GET ::1 /styles/global.css
[19:53:53] [info] GET ::1 /styles/login.css
[19:53:53] [info] GET ::1 /styles/custom.css
[19:53:53] [info] GET ::1 /images/logo.svg
[19:53:53] [info] GET ::1 /images/background.jpg
[19:53:53] [info] GET ::1 /images/user.svg
[19:53:53] [info] GET ::1 /images/password.svg
[19:53:53] [info] GET ::1 /images/favicon.ico
[19:54:15] [info] GET ::1 /
[19:54:15] [info] GET ::1 /styles/global.css
[19:54:15] [info] GET ::1 /styles/login.css
[19:54:15] [info] GET ::1 /styles/custom.css
[19:54:15] [info] GET ::1 /images/logo.svg
[19:54:15] [info] GET ::1 /images/background.jpg
[19:54:15] [info] GET ::1 /images/user.svg
[19:54:15] [info] GET ::1 /images/password.svg
[19:54:15] [info] GET ::1 /images/favicon.ico
[19:55:31] [info] GET ::1 /
[19:55:32] [info] GET ::1 /styles/global.css
[19:55:32] [info] GET ::1 /styles/custom.css
[19:55:32] [info] GET ::1 /styles/login.css
[19:55:32] [info] GET ::1 /images/logo.svg
[19:55:32] [info] GET ::1 /images/background.jpg
[19:55:32] [info] GET ::1 /images/user.svg
[19:55:32] [info] GET ::1 /images/password.svg
[19:55:32] [info] GET ::1 /images/favicon.ico
