[17:17:48] [info] Started new express server on port: 5000
[17:17:48] [info] GET ::ffff:127.0.0.1 /
[17:17:48] [info] GET ::1 /styles/login.css
[17:17:48] [info] GET ::ffff:127.0.0.1 /styles/global.css
[17:17:48] [info] GET ::1 /styles/custom.css
[17:17:49] [info] GET ::1 /images/logo.svg
[17:17:49] [info] GET ::1 /images/background.jpg
[17:17:49] [info] GET ::1 /images/user.svg
[17:17:49] [info] GET ::ffff:127.0.0.1 /images/password.svg
[17:17:49] [info] GET ::ffff:127.0.0.1 /images/favicon.ico
[17:18:06] [info] GET ::1 /
[17:18:06] [info] GET ::1 /styles/login.css
[17:18:06] [info] GET ::1 /styles/global.css
[17:18:06] [info] GET ::1 /styles/custom.css
[17:18:06] [info] GET ::1 /images/logo.svg
[17:18:06] [info] GET ::1 /images/background.jpg
[17:18:06] [info] GET ::1 /images/user.svg
[17:18:06] [info] GET ::1 /images/password.svg
[17:18:06] [info] GET ::1 /images/favicon.ico
[17:18:19] [info] GET ::1 /
[17:18:19] [info] GET ::1 /styles/global.css
[17:18:19] [info] GET ::1 /styles/login.css
[17:18:19] [info] GET ::1 /styles/custom.css
[17:18:19] [info] GET ::1 /images/logo.svg
[17:18:19] [info] GET ::1 /images/background.jpg
[17:18:19] [info] GET ::1 /images/user.svg
[17:18:19] [info] GET ::1 /images/password.svg
[17:18:19] [info] GET ::1 /images/favicon.ico
[17:18:30] [info] GET ::1 /
[17:18:30] [info] GET ::1 /styles/global.css
[17:18:30] [info] GET ::1 /styles/login.css
[17:18:30] [info] GET ::1 /styles/custom.css
[17:18:30] [info] GET ::1 /images/logo.svg
[17:18:30] [info] GET ::1 /images/background.jpg
[17:18:30] [info] GET ::1 /images/user.svg
[17:18:30] [info] GET ::1 /images/password.svg
[17:18:30] [info] GET ::1 /images/favicon.ico
[17:18:37] [info] GET ::1 /
[17:18:38] [info] GET ::1 /styles/global.css
[17:18:38] [info] GET ::1 /styles/login.css
[17:18:38] [info] GET ::1 /styles/custom.css
[17:18:38] [info] GET ::1 /images/logo.svg
[17:18:38] [info] GET ::1 /images/background.jpg
[17:18:38] [info] GET ::1 /images/user.svg
[17:18:38] [info] GET ::1 /images/password.svg
[17:18:38] [info] GET ::1 /images/favicon.ico
[17:18:48] [info] GET ::1 /
[17:18:49] [info] GET ::1 /styles/global.css
[17:18:49] [info] GET ::1 /styles/login.css
[17:18:49] [info] GET ::1 /styles/custom.css
[17:18:49] [info] GET ::1 /images/logo.svg
[17:18:49] [info] GET ::1 /images/background.jpg
[17:18:49] [info] GET ::1 /images/user.svg
[17:18:49] [info] GET ::1 /images/password.svg
[17:18:49] [info] GET ::1 /images/favicon.ico
[17:20:06] [info] GET ::1 /
[17:20:06] [info] GET ::1 /styles/global.css
[17:20:06] [info] GET ::1 /styles/login.css
[17:20:06] [info] GET ::1 /styles/custom.css
[17:20:06] [info] GET ::1 /images/logo.svg
[17:20:06] [info] GET ::1 /images/background.jpg
[17:20:06] [info] GET ::1 /images/user.svg
[17:20:06] [info] GET ::1 /images/password.svg
[17:20:06] [info] GET ::1 /images/favicon.ico
[17:24:30] [info] GET ::1 /
[17:24:30] [info] GET ::1 /styles/global.css
[17:24:30] [info] GET ::1 /styles/login.css
[17:24:30] [info] GET ::1 /styles/custom.css
[17:24:30] [info] GET ::1 /images/logo.svg
[17:24:30] [info] GET ::1 /images/background.jpg
[17:24:30] [info] GET ::1 /images/user.svg
[17:24:30] [info] GET ::1 /images/password.svg
[17:24:30] [info] GET ::1 /images/favicon.ico
[17:24:54] [info] GET ::1 /
[17:24:54] [info] GET ::1 /styles/global.css
[17:24:54] [info] GET ::1 /styles/login.css
[17:24:54] [info] GET ::1 /styles/custom.css
[17:24:54] [info] GET ::1 /images/logo.svg
[17:24:54] [info] GET ::1 /images/background.jpg
[17:24:54] [info] GET ::1 /images/user.svg
[17:24:54] [info] GET ::1 /images/password.svg
[17:24:54] [info] GET ::1 /images/favicon.ico
[17:32:49] [info] GET ::1 /
[17:32:49] [info] GET ::1 /styles/global.css
[17:32:50] [info] GET ::1 /styles/custom.css
[17:32:50] [info] GET ::1 /styles/login.css
[17:32:50] [info] GET ::1 /images/logo.svg
[17:32:50] [info] GET ::1 /images/background.jpg
[17:32:50] [info] GET ::1 /images/user.svg
[17:32:50] [info] GET ::1 /images/password.svg
[17:32:50] [info] GET ::1 /images/favicon.ico
[17:33:09] [info] GET ::1 /
[17:33:09] [info] GET ::1 /styles/global.css
[17:33:09] [info] GET ::1 /styles/login.css
[17:33:09] [info] GET ::1 /styles/custom.css
[17:33:09] [info] GET ::1 /images/logo.svg
[17:33:09] [info] GET ::1 /images/background.jpg
[17:33:09] [info] GET ::1 /images/user.svg
[17:33:09] [info] GET ::1 /images/password.svg
[17:33:09] [info] GET ::1 /images/favicon.ico
[17:35:56] [info] GET ::1 /
[17:35:56] [info] GET ::1 /styles/global.css
[17:35:56] [info] GET ::1 /styles/login.css
[17:35:56] [info] GET ::1 /styles/custom.css
[17:35:56] [info] GET ::1 /images/logo.svg
[17:35:56] [info] GET ::1 /images/background.jpg
[17:35:56] [info] GET ::1 /images/user.svg
[17:35:56] [info] GET ::1 /images/password.svg
[17:35:56] [info] GET ::1 /images/favicon.ico
[17:36:53] [info] GET ::1 /
[17:36:53] [info] GET ::1 /styles/global.css
[17:36:53] [info] GET ::1 /styles/login.css
[17:36:53] [info] GET ::1 /styles/custom.css
[17:36:53] [info] GET ::1 /images/logo.svg
[17:36:53] [info] GET ::1 /images/background.jpg
[17:36:53] [info] GET ::1 /images/user.svg
[17:36:53] [info] GET ::1 /images/password.svg
[17:36:53] [info] GET ::1 /images/favicon.ico
[17:36:58] [info] GET ::1 /
[17:36:58] [info] GET ::1 /styles/global.css
[17:36:58] [info] GET ::1 /styles/login.css
[17:36:58] [info] GET ::1 /styles/custom.css
[17:36:58] [info] GET ::1 /images/logo.svg
[17:36:59] [info] GET ::1 /images/background.jpg
[17:36:59] [info] GET ::1 /images/favicon.ico
[17:41:19] [info] GET ::1 /
[17:41:19] [info] GET ::1 /styles/global.css
[17:41:19] [info] GET ::1 /styles/login.css
[17:41:19] [info] GET ::1 /styles/custom.css
[17:41:19] [info] GET ::1 /images/logo.svg
[17:41:19] [info] GET ::1 /images/background.jpg
[17:41:19] [info] GET ::1 /images/user.svg
[17:41:19] [info] GET ::1 /images/password.svg
[17:41:19] [info] GET ::1 /images/favicon.ico
[17:41:38] [info] GET ::1 /
[17:41:38] [info] GET ::1 /styles/global.css
[17:41:38] [info] GET ::1 /styles/custom.css
[17:41:38] [info] GET ::1 /styles/login.css
[17:41:38] [info] GET ::1 /images/logo.svg
[17:41:38] [info] GET ::1 /images/background.jpg
[17:41:38] [info] GET ::1 /images/user.svg
[17:41:38] [info] GET ::1 /images/password.svg
[17:41:38] [info] GET ::1 /images/favicon.ico
