[19:59:19] [info] Started new express server on port: 5000
[19:59:22] [info] GET ::1 /
[19:59:22] [info] GET ::1 /styles/global.css
[19:59:22] [info] GET ::1 /styles/custom.css
[19:59:22] [info] GET ::1 /styles/login.css
[19:59:22] [info] GET ::1 /images/logo.svg
[19:59:22] [info] GET ::1 /images/background.jpg
[19:59:22] [info] GET ::1 /images/user.svg
[19:59:22] [info] GET ::1 /images/password.svg
[19:59:22] [info] GET ::1 /images/favicon.ico
[19:59:47] [info] GET ::1 /
[19:59:47] [info] GET ::1 /styles/global.css
[19:59:47] [info] GET ::1 /styles/login.css
[19:59:47] [info] GET ::1 /images/logo.svg
[19:59:47] [info] GET ::1 /images/background.jpg
[19:59:47] [info] GET ::1 /images/user.svg
[19:59:47] [info] GET ::1 /images/password.svg
[19:59:47] [info] GET ::1 /images/favicon.ico
[19:59:54] [info] GET ::1 /
[19:59:54] [info] GET ::1 /styles/global.css
[19:59:54] [info] GET ::1 /styles/custom.css
[19:59:54] [info] GET ::1 /styles/login.css
[19:59:54] [info] GET ::1 /images/logo.svg
[19:59:54] [info] GET ::1 /images/background.jpg
[19:59:54] [info] GET ::1 /images/favicon.ico
[20:08:04] [info] GET ::1 /
[20:08:04] [info] GET ::1 /styles/custom.css
[20:08:04] [info] GET ::1 /styles/global.css
[20:08:04] [info] GET ::1 /styles/login.css
[20:08:04] [info] GET ::1 /images/logo.svg
[20:08:04] [info] GET ::1 /images/background.jpg
[20:08:04] [info] GET ::1 /images/favicon.ico
[20:08:05] [info] GET ::1 /
[20:08:05] [info] GET ::1 /styles/global.css
[20:08:05] [info] GET ::1 /styles/custom.css
[20:08:05] [info] GET ::1 /styles/login.css
[20:08:05] [info] GET ::1 /images/logo.svg
[20:08:05] [info] GET ::1 /images/background.jpg
[20:08:05] [info] GET ::1 /images/favicon.ico
[20:08:33] [info] GET ::1 /
[20:08:33] [info] GET ::1 /styles/global.css
[20:08:33] [info] GET ::1 /styles/custom.css
[20:08:33] [info] GET ::1 /styles/login.css
[20:08:33] [info] GET ::1 /images/logo.svg
[20:08:33] [info] GET ::1 /images/background.jpg
[20:08:33] [info] GET ::1 /images/user.svg
[20:08:33] [info] GET ::1 /images/password.svg
[20:08:33] [info] GET ::1 /images/favicon.ico
[20:08:57] [info] GET ::1 /
[20:08:57] [info] GET ::1 /styles/global.css
[20:08:57] [info] GET ::1 /styles/custom.css
[20:08:57] [info] GET ::1 /styles/login.css
[20:08:57] [info] GET ::1 /images/logo.svg
[20:08:57] [info] GET ::1 /images/background.jpg
[20:08:57] [info] GET ::1 /images/user.svg
[20:08:57] [info] GET ::1 /images/password.svg
[20:08:57] [info] GET ::1 /images/favicon.ico
[20:09:10] [info] GET ::1 /
[20:09:10] [info] GET ::1 /styles/global.css
[20:09:10] [info] GET ::1 /styles/custom.css
[20:09:10] [info] GET ::1 /styles/login.css
[20:09:10] [info] GET ::1 /images/logo.svg
[20:09:10] [info] GET ::1 /images/background.jpg
[20:09:10] [info] GET ::1 /images/user.svg
[20:09:10] [info] GET ::1 /images/password.svg
[20:09:10] [info] GET ::1 /images/favicon.ico
[20:09:11] [info] GET ::1 /
[20:09:11] [info] GET ::1 /styles/global.css
[20:09:11] [info] GET ::1 /styles/custom.css
[20:09:11] [info] GET ::1 /styles/login.css
[20:09:11] [info] GET ::1 /images/logo.svg
[20:09:11] [info] GET ::1 /images/background.jpg
[20:09:11] [info] GET ::1 /images/favicon.ico
[20:09:44] [info] GET ::1 /
[20:09:44] [info] GET ::1 /styles/global.css
[20:09:44] [info] GET ::1 /styles/custom.css
[20:09:44] [info] GET ::1 /styles/login.css
[20:09:44] [info] GET ::1 /images/logo.svg
[20:09:44] [info] GET ::1 /images/background.jpg
[20:09:44] [info] GET ::1 /images/user.svg
[20:09:44] [info] GET ::1 /images/password.svg
[20:09:44] [info] GET ::1 /images/favicon.ico
[20:09:45] [info] GET ::1 /
[20:09:45] [info] GET ::1 /styles/global.css
[20:09:45] [info] GET ::1 /styles/custom.css
[20:09:45] [info] GET ::1 /styles/login.css
[20:09:45] [info] GET ::1 /images/logo.svg
[20:09:45] [info] GET ::1 /images/background.jpg
[20:09:45] [info] GET ::1 /images/favicon.ico
[20:10:10] [info] GET ::1 /
[20:10:10] [info] GET ::1 /styles/global.css
[20:10:10] [info] GET ::1 /styles/custom.css
[20:10:10] [info] GET ::1 /styles/login.css
[20:10:10] [info] GET ::1 /images/logo.svg
[20:10:10] [info] GET ::1 /images/background.jpg
[20:10:10] [info] GET ::1 /images/user.svg
[20:10:10] [info] GET ::1 /images/password.svg
[20:10:10] [info] GET ::1 /images/favicon.ico
[20:10:45] [info] GET ::1 /
[20:10:45] [info] GET ::1 /styles/global.css
[20:10:45] [info] GET ::1 /styles/custom.css
[20:10:45] [info] GET ::1 /styles/login.css
[20:10:45] [info] GET ::1 /images/logo.svg
[20:10:45] [info] GET ::1 /images/background.jpg
[20:10:45] [info] GET ::1 /images/user.svg
[20:10:45] [info] GET ::1 /images/password.svg
[20:10:45] [info] GET ::1 /images/favicon.ico
[20:10:47] [info] GET ::1 /styles/global.css
[20:10:47] [info] GET ::1 /styles/custom.css
[20:10:47] [info] GET ::1 /styles/login.css
[20:11:14] [info] GET ::1 /
[20:11:14] [info] GET ::1 /styles/global.css
[20:11:14] [info] GET ::1 /styles/custom.css
[20:11:14] [info] GET ::1 /styles/login.css
[20:11:14] [info] GET ::1 /images/logo.svg
[20:11:14] [info] GET ::1 /images/background.jpg
[20:11:14] [info] GET ::1 /images/user.svg
[20:11:14] [info] GET ::1 /images/password.svg
[20:11:14] [info] GET ::1 /images/favicon.ico
[20:12:26] [info] GET ::1 /
[20:12:26] [info] GET ::1 /styles/global.css
[20:12:26] [info] GET ::1 /styles/custom.css
[20:12:26] [info] GET ::1 /styles/login.css
[20:12:26] [info] GET ::1 /images/logo.svg
[20:12:26] [info] GET ::1 /images/background.jpg
[20:12:26] [info] GET ::1 /images/user.svg
[20:12:26] [info] GET ::1 /images/password.svg
[20:12:26] [info] GET ::1 /images/favicon.ico
[20:12:28] [info] GET ::1 /styles/global.css
[20:12:28] [info] GET ::1 /styles/custom.css
[20:12:28] [info] GET ::1 /styles/login.css
[20:13:01] [info] GET ::1 /
[20:13:01] [info] GET ::1 /styles/global.css
[20:13:01] [info] GET ::1 /styles/custom.css
[20:13:01] [info] GET ::1 /styles/login.css
[20:13:01] [info] GET ::1 /images/logo.svg
[20:13:01] [info] GET ::1 /images/background.jpg
[20:13:01] [info] GET ::1 /images/user.svg
[20:13:01] [info] GET ::1 /images/password.svg
[20:13:01] [info] GET ::1 /images/favicon.ico
[20:13:43] [info] GET ::1 /
[20:13:43] [info] GET ::1 /styles/global.css
[20:13:43] [info] GET ::1 /styles/custom.css
[20:13:43] [info] GET ::1 /styles/login.css
[20:13:43] [info] GET ::1 /images/logo.svg
[20:13:43] [info] GET ::1 /images/background.jpg
[20:13:43] [info] GET ::1 /images/user.svg
[20:13:43] [info] GET ::1 /images/password.svg
[20:13:43] [info] GET ::1 /images/favicon.ico
[20:14:00] [info] GET ::1 /
[20:14:00] [info] GET ::1 /styles/global.css
[20:14:00] [info] GET ::1 /styles/custom.css
[20:14:00] [info] GET ::1 /styles/login.css
[20:14:00] [info] GET ::1 /images/logo.svg
[20:14:00] [info] GET ::1 /images/background.jpg
[20:14:00] [info] GET ::1 /images/user.svg
[20:14:00] [info] GET ::1 /images/password.svg
[20:14:00] [info] GET ::1 /images/favicon.ico
[20:14:35] [info] GET ::1 /
[20:14:35] [info] GET ::1 /styles/global.css
[20:14:35] [info] GET ::1 /styles/custom.css
[20:14:35] [info] GET ::1 /styles/login.css
[20:14:35] [info] GET ::1 /images/logo.svg
[20:14:35] [info] GET ::1 /images/background.jpg
[20:14:35] [info] GET ::1 /images/user.svg
[20:14:35] [info] GET ::1 /images/password.svg
[20:14:35] [info] GET ::1 /images/favicon.ico
[20:15:00] [info] GET ::1 /
[20:15:00] [info] GET ::1 /styles/custom.css
[20:15:00] [info] GET ::1 /styles/global.css
[20:15:00] [info] GET ::1 /styles/login.css
[20:15:00] [info] GET ::1 /images/logo.svg
[20:15:00] [info] GET ::1 /images/background.jpg
[20:15:00] [info] GET ::1 /images/user.svg
[20:15:00] [info] GET ::1 /images/password.svg
[20:15:00] [info] GET ::1 /images/favicon.ico
[20:15:40] [info] GET ::1 /styles/global.css
[20:15:40] [info] GET ::1 /styles/custom.css
[20:15:40] [info] GET ::1 /styles/login.css
[20:15:52] [info] GET ::1 /
[20:15:52] [info] GET ::1 /styles/global.css
[20:15:52] [info] GET ::1 /styles/login.css
[20:15:52] [info] GET ::1 /styles/custom.css
[20:15:52] [info] GET ::1 /images/logo.svg
[20:15:52] [info] GET ::1 /images/background.jpg
[20:15:52] [info] GET ::1 /images/user.svg
[20:15:52] [info] GET ::1 /images/password.svg
[20:15:52] [info] GET ::1 /images/favicon.ico
[20:17:28] [info] GET ::1 /
[20:17:28] [info] GET ::1 /styles/global.css
[20:17:28] [info] GET ::1 /styles/custom.css
[20:17:28] [info] GET ::1 /styles/login.css
[20:17:28] [info] GET ::1 /images/logo.svg
[20:17:28] [info] GET ::1 /images/background.jpg
[20:17:28] [info] GET ::1 /images/user.svg
[20:17:28] [info] GET ::1 /images/password.svg
[20:17:28] [info] GET ::1 /images/favicon.ico
[20:19:42] [info] GET ::1 /styles/global.css
[20:19:42] [info] GET ::1 /styles/custom.css
[20:19:42] [info] GET ::1 /styles/login.css
[20:21:02] [info] GET ::1 /
[20:21:02] [info] GET ::1 /styles/global.css
[20:21:02] [info] GET ::1 /styles/custom.css
[20:21:02] [info] GET ::1 /styles/login.css
[20:21:02] [info] GET ::1 /images/logo.svg
[20:21:02] [info] GET ::1 /images/background.jpg
[20:21:02] [info] GET ::1 /images/user.svg
[20:21:02] [info] GET ::1 /images/password.svg
[20:21:02] [info] GET ::1 /images/favicon.ico
[20:22:10] [info] GET ::1 /
[20:22:10] [info] GET ::1 /styles/global.css
[20:22:10] [info] GET ::1 /styles/custom.css
[20:22:10] [info] GET ::1 /styles/login.css
[20:22:10] [info] GET ::1 /images/logo.svg
[20:22:10] [info] GET ::1 /images/background.jpg
[20:22:10] [info] GET ::1 /images/user.svg
[20:22:10] [info] GET ::1 /images/password.svg
[20:22:10] [info] GET ::1 /images/favicon.ico
[20:23:16] [info] GET ::1 /
[20:23:16] [info] GET ::1 /styles/global.css
[20:23:16] [info] GET ::1 /styles/custom.css
[20:23:16] [info] GET ::1 /styles/login.css
[20:23:16] [info] GET ::1 /images/logo.svg
[20:23:16] [info] GET ::1 /images/background.jpg
[20:23:16] [info] GET ::1 /images/user.svg
[20:23:16] [info] GET ::1 /images/password.svg
[20:23:16] [info] GET ::1 /images/favicon.ico
[20:25:21] [info] GET ::1 /
[20:25:21] [info] GET ::1 /styles/global.css
[20:25:21] [info] GET ::1 /styles/custom.css
[20:25:21] [info] GET ::1 /styles/login.css
[20:25:21] [info] GET ::1 /images/logo.svg
[20:25:21] [info] GET ::1 /images/background.jpg
[20:25:21] [info] GET ::1 /images/user.svg
[20:25:21] [info] GET ::1 /images/password.svg
[20:25:21] [info] GET ::1 /images/favicon.ico
[20:25:38] [info] GET ::1 /
[20:25:38] [info] GET ::1 /styles/global.css
[20:25:38] [info] GET ::1 /styles/custom.css
[20:25:38] [info] GET ::1 /styles/login.css
[20:25:38] [info] GET ::1 /images/logo.svg
[20:25:38] [info] GET ::1 /images/background.jpg
[20:25:38] [info] GET ::1 /images/user.svg
[20:25:38] [info] GET ::1 /images/password.svg
[20:25:38] [info] GET ::1 /images/favicon.ico
[20:27:42] [info] GET ::1 /
[20:27:42] [info] GET ::1 /styles/global.css
[20:27:42] [info] GET ::1 /styles/custom.css
[20:27:42] [info] GET ::1 /styles/login.css
[20:27:42] [info] GET ::1 /images/logo.svg
[20:27:42] [info] GET ::1 /images/background.jpg
[20:27:42] [info] GET ::1 /images/user.svg
[20:27:42] [info] GET ::1 /images/password.svg
[20:27:42] [info] GET ::1 /images/favicon.ico
[20:28:22] [info] GET ::1 /
[20:28:22] [info] GET ::1 /styles/global.css
[20:28:22] [info] GET ::1 /styles/custom.css
[20:28:22] [info] GET ::1 /styles/login.css
[20:28:22] [info] GET ::1 /images/logo.svg
[20:28:22] [info] GET ::1 /images/background.jpg
[20:28:22] [info] GET ::1 /images/user.svg
[20:28:22] [info] GET ::1 /images/password.svg
[20:28:22] [info] GET ::1 /images/favicon.ico
[20:28:36] [info] GET ::1 /
[20:28:36] [info] GET ::1 /styles/global.css
[20:28:36] [info] GET ::1 /styles/custom.css
[20:28:36] [info] GET ::1 /styles/login.css
[20:28:36] [info] GET ::1 /images/logo.svg
[20:28:36] [info] GET ::1 /images/background.jpg
[20:28:36] [info] GET ::1 /images/user.svg
[20:28:36] [info] GET ::1 /images/password.svg
[20:28:36] [info] GET ::1 /images/favicon.ico
[20:28:45] [info] GET ::1 /
[20:28:45] [info] GET ::1 /styles/global.css
[20:28:45] [info] GET ::1 /styles/custom.css
[20:28:45] [info] GET ::1 /styles/login.css
[20:28:45] [info] GET ::1 /images/logo.svg
[20:28:45] [info] GET ::1 /images/background.jpg
[20:28:45] [info] GET ::1 /images/user.svg
[20:28:45] [info] GET ::1 /images/password.svg
[20:28:45] [info] GET ::1 /images/favicon.ico
[20:31:10] [info] GET ::1 /
[20:31:10] [info] GET ::1 /styles/global.css
[20:31:10] [info] GET ::1 /styles/custom.css
[20:31:10] [info] GET ::1 /styles/login.css
[20:31:10] [info] GET ::1 /images/logo.svg
[20:31:10] [info] GET ::1 /images/background.jpg
[20:31:10] [info] GET ::1 /images/user.svg
[20:31:10] [info] GET ::1 /images/password.svg
[20:31:10] [info] GET ::1 /images/favicon.ico
[20:31:27] [info] GET ::1 /
[20:31:27] [info] GET ::1 /styles/global.css
[20:31:27] [info] GET ::1 /styles/custom.css
[20:31:27] [info] GET ::1 /styles/login.css
[20:31:27] [info] GET ::1 /images/logo.svg
[20:31:27] [info] GET ::1 /images/background.jpg
[20:31:27] [info] GET ::1 /images/user.svg
[20:31:27] [info] GET ::1 /images/password.svg
[20:31:27] [info] GET ::1 /images/favicon.ico
[20:32:41] [info] GET ::1 /
[20:32:41] [info] GET ::1 /styles/global.css
[20:32:41] [info] GET ::1 /styles/custom.css
[20:32:41] [info] GET ::1 /styles/login.css
[20:32:41] [info] GET ::1 /images/logo.svg
[20:32:41] [info] GET ::1 /images/background.jpg
[20:32:41] [info] GET ::1 /images/user.svg
[20:32:41] [info] GET ::1 /images/password.svg
[20:32:41] [info] GET ::1 /images/favicon.ico
[20:32:54] [info] GET ::1 /
[20:32:54] [info] GET ::1 /styles/global.css
[20:32:54] [info] GET ::1 /styles/custom.css
[20:32:54] [info] GET ::1 /styles/login.css
[20:32:54] [info] GET ::1 /images/logo.svg
[20:32:54] [info] GET ::1 /images/background.jpg
[20:32:54] [info] GET ::1 /images/user.svg
[20:32:54] [info] GET ::1 /images/password.svg
[20:32:54] [info] GET ::1 /images/favicon.ico
[20:33:21] [info] GET ::1 /
[20:33:21] [info] GET ::1 /styles/global.css
[20:33:21] [info] GET ::1 /styles/custom.css
[20:33:21] [info] GET ::1 /styles/login.css
[20:33:21] [info] GET ::1 /images/logo.svg
[20:33:21] [info] GET ::1 /images/background.jpg
[20:33:21] [info] GET ::1 /images/user.svg
[20:33:21] [info] GET ::1 /images/password.svg
[20:33:21] [info] GET ::1 /images/favicon.ico
[20:34:05] [info] GET ::1 /
[20:34:05] [info] GET ::1 /styles/custom.css
[20:34:05] [info] GET ::1 /styles/global.css
[20:34:05] [info] GET ::1 /styles/login.css
[20:34:05] [info] GET ::1 /images/logo.svg
[20:34:05] [info] GET ::1 /images/background.jpg
[20:34:05] [info] GET ::1 /images/user.svg
[20:34:05] [info] GET ::1 /images/password.svg
[20:34:05] [info] GET ::1 /images/favicon.ico
[20:34:39] [info] GET ::1 /
[20:34:39] [info] GET ::1 /styles/global.css
[20:34:39] [info] GET ::1 /styles/custom.css
[20:34:39] [info] GET ::1 /styles/login.css
[20:34:39] [info] GET ::1 /images/logo.svg
[20:34:39] [info] GET ::1 /images/background.jpg
[20:34:39] [info] GET ::1 /images/user.svg
[20:34:39] [info] GET ::1 /images/password.svg
[20:34:39] [info] GET ::1 /images/favicon.ico
[20:35:21] [info] GET ::1 /
[20:35:21] [info] GET ::1 /styles/global.css
[20:35:21] [info] GET ::1 /styles/custom.css
[20:35:21] [info] GET ::1 /styles/login.css
[20:35:21] [info] GET ::1 /images/logo.svg
[20:35:21] [info] GET ::1 /images/background.jpg
[20:35:21] [info] GET ::1 /images/user.svg
[20:35:21] [info] GET ::1 /images/password.svg
[20:35:21] [info] GET ::1 /images/favicon.ico
[20:35:51] [info] GET ::1 /
[20:35:51] [info] GET ::1 /styles/global.css
[20:35:51] [info] GET ::1 /styles/custom.css
[20:35:51] [info] GET ::1 /styles/login.css
[20:35:51] [info] GET ::1 /images/logo.svg
[20:35:51] [info] GET ::1 /images/background.jpg
[20:35:51] [info] GET ::1 /images/user.svg
[20:35:51] [info] GET ::1 /images/password.svg
[20:35:51] [info] GET ::1 /images/favicon.ico
[20:36:39] [info] GET ::1 /register
[20:37:41] [info] GET ::1 /
[20:37:41] [info] GET ::1 /styles/global.css
[20:37:41] [info] GET ::1 /styles/custom.css
[20:37:41] [info] GET ::1 /styles/login.css
[20:37:41] [info] GET ::1 /images/logo.svg
[20:37:41] [info] GET ::1 /images/background.jpg
[20:37:41] [info] GET ::1 /images/user.svg
[20:37:41] [info] GET ::1 /images/password.svg
[20:37:41] [info] GET ::1 /images/favicon.ico
[20:38:00] [info] GET ::1 /
[20:38:00] [info] GET ::1 /styles/global.css
[20:38:00] [info] GET ::1 /styles/custom.css
[20:38:00] [info] GET ::1 /styles/login.css
[20:38:00] [info] GET ::1 /images/logo.svg
[20:38:00] [info] GET ::1 /images/background.jpg
[20:38:00] [info] GET ::1 /images/user.svg
[20:38:00] [info] GET ::1 /images/password.svg
[20:38:10] [info] GET ::1 /
[20:38:10] [info] GET ::1 /styles/global.css
[20:38:10] [info] GET ::1 /styles/login.css
[20:38:10] [info] GET ::1 /styles/custom.css
[20:38:10] [info] GET ::1 /images/logo.svg
[20:38:10] [info] GET ::1 /images/background.jpg
[20:38:10] [info] GET ::1 /images/user.svg
[20:38:10] [info] GET ::1 /images/password.svg
[20:38:10] [info] GET ::1 /images/favicon.ico
[20:38:26] [info] GET ::1 /
[20:38:27] [info] GET ::1 /styles/global.css
[20:38:27] [info] GET ::1 /styles/custom.css
[20:38:27] [info] GET ::1 /styles/login.css
[20:38:27] [info] GET ::1 /images/logo.svg
[20:38:27] [info] GET ::1 /images/background.jpg
[20:38:27] [info] GET ::1 /images/user.svg
[20:38:27] [info] GET ::1 /images/password.svg
[20:38:27] [info] GET ::1 /images/favicon.ico
[20:38:41] [info] GET ::1 /
[20:38:41] [info] GET ::1 /styles/global.css
[20:38:41] [info] GET ::1 /styles/custom.css
[20:38:41] [info] GET ::1 /styles/login.css
[20:38:41] [info] GET ::1 /images/logo.svg
[20:38:41] [info] GET ::1 /images/background.jpg
[20:38:41] [info] GET ::1 /images/user.svg
[20:38:41] [info] GET ::1 /images/password.svg
[20:38:41] [info] GET ::1 /images/favicon.ico
[20:38:54] [info] GET ::1 /
[20:38:54] [info] GET ::1 /styles/custom.css
[20:38:54] [info] GET ::1 /styles/global.css
[20:38:54] [info] GET ::1 /styles/login.css
[20:38:54] [info] GET ::1 /images/logo.svg
[20:38:54] [info] GET ::1 /images/background.jpg
[20:38:54] [info] GET ::1 /images/user.svg
[20:38:54] [info] GET ::1 /images/password.svg
[20:38:54] [info] GET ::1 /images/favicon.ico
[20:38:57] [info] GET ::1 /styles/global.css
[20:38:57] [info] GET ::1 /styles/custom.css
[20:38:57] [info] GET ::1 /styles/login.css
