[20:24:53] [info] Started new express server on port: 5000
[20:24:58] [info] GET ::1 /
[20:24:58] [info] GET ::1 /styles/app.css
[20:24:58] [info] GET ::1 /styles/forms.css
[20:24:58] [info] GET ::1 /images/background.jpg
[20:25:01] [info] GET ::1 /new
[20:25:01] [error] Error: C:\Users\Admin\Documents\Vi~Be\views\index.ejs:13
    11| <body>
    12|     <% if (locals.type) {%>
 >> 13|     <%- include('partials/'+type) %>
    14|     <% } %>
    15| </body>
    16| </html>

Could not find the include file "partials/first-time"
    at getIncludePath (C:\Users\Admin\Documents\Vi~Be\node_modules\ejs\lib\ejs.js:183:13)
    at includeFile (C:\Users\Admin\Documents\Vi~Be\node_modules\ejs\lib\ejs.js:309:19)
    at include (C:\Users\Admin\Documents\Vi~Be\node_modules\ejs\lib\ejs.js:690:16)
    at eval (eval at compile (C:\Users\Admin\Documents\Vi~Be\node_modules\ejs\lib\ejs.js:662:12), <anonymous>:15:17)
    at index (C:\Users\Admin\Documents\Vi~Be\node_modules\ejs\lib\ejs.js:692:17)
    at tryHandleCache (C:\Users\Admin\Documents\Vi~Be\node_modules\ejs\lib\ejs.js:272:36)
    at View.exports.renderFile [as engine] (C:\Users\Admin\Documents\Vi~Be\node_modules\ejs\lib\ejs.js:489:10)
    at View.render (C:\Users\Admin\Documents\Vi~Be\node_modules\express\lib\view.js:135:8)
    at tryRender (C:\Users\Admin\Documents\Vi~Be\node_modules\express\lib\application.js:640:10)
    at Function.render (C:\Users\Admin\Documents\Vi~Be\node_modules\express\lib\application.js:592:3)
[20:25:21] [info] GET ::1 /new
[20:25:21] [info] GET ::1 /styles/app.css
[20:25:21] [info] GET ::1 /styles/forms.css
[20:25:21] [info] GET ::1 /images/background.jpg
[20:28:01] [info] GET ::1 /new
[20:28:01] [info] GET ::1 /styles/app.css
[20:28:01] [info] GET ::1 /styles/forms.css
[20:28:01] [info] GET ::1 /images/background.jpg
[20:28:29] [info] GET ::1 /new
[20:28:29] [info] GET ::1 /styles/app.css
[20:28:29] [info] GET ::1 /styles/forms.css
[20:28:29] [info] GET ::1 /images/background.jpg
[20:28:53] [info] GET ::1 /new
[20:28:53] [info] GET ::1 /styles/app.css
[20:28:53] [info] GET ::1 /styles/forms.css
[20:28:53] [info] GET ::1 /images/background.jpg
[20:28:54] [info] GET ::1 /new
[20:28:54] [info] GET ::1 /styles/app.css
[20:28:54] [info] GET ::1 /styles/forms.css
[20:28:54] [info] GET ::1 /images/background.jpg
[20:29:10] [info] GET ::1 /new
[20:29:10] [info] GET ::1 /styles/app.css
[20:29:10] [info] GET ::1 /styles/forms.css
[20:29:10] [info] GET ::1 /images/background.jpg
[20:29:27] [info] GET ::1 /new
[20:29:27] [info] GET ::1 /styles/app.css
[20:29:27] [info] GET ::1 /styles/forms.css
[20:29:27] [info] GET ::1 /images/background.jpg
[20:29:43] [info] GET ::1 /new
[20:29:43] [info] GET ::1 /styles/app.css
[20:29:43] [info] GET ::1 /styles/forms.css
[20:29:43] [info] GET ::1 /images/background.jpg
[20:30:22] [info] GET ::1 /new
[20:30:22] [info] GET ::1 /styles/app.css
[20:30:22] [info] GET ::1 /styles/forms.css
[20:30:22] [info] GET ::1 /images/background.jpg
[20:30:23] [info] GET ::1 /new
[20:30:23] [info] GET ::1 /styles/app.css
[20:30:23] [info] GET ::1 /styles/forms.css
[20:30:23] [info] GET ::1 /images/background.jpg
[20:30:23] [info] GET ::1 /new
[20:30:23] [info] GET ::1 /styles/app.css
[20:30:23] [info] GET ::1 /styles/forms.css
[20:30:23] [info] GET ::1 /images/background.jpg
[20:30:23] [info] GET ::1 /new
[20:30:23] [info] GET ::1 /styles/app.css
[20:30:23] [info] GET ::1 /styles/forms.css
[20:30:23] [info] GET ::1 /images/background.jpg
[20:30:31] [info] GET ::1 /new
[20:30:31] [info] GET ::1 /styles/forms.css
[20:30:31] [info] GET ::1 /styles/app.css
[20:30:31] [info] GET ::1 /images/background.jpg
[20:30:41] [info] GET ::1 /new
[20:30:41] [info] GET ::1 /styles/forms.css
[20:30:41] [info] GET ::1 /styles/app.css
[20:30:41] [info] GET ::1 /images/background.jpg
[20:30:42] [info] GET ::1 /new
[20:30:42] [info] GET ::1 /styles/app.css
[20:30:42] [info] GET ::1 /styles/forms.css
[20:30:42] [info] GET ::1 /images/background.jpg
[20:30:42] [info] GET ::1 /new
[20:30:42] [info] GET ::1 /styles/app.css
[20:30:42] [info] GET ::1 /styles/forms.css
[20:30:42] [info] GET ::1 /images/background.jpg
[20:30:56] [info] GET ::1 /new
[20:30:56] [info] GET ::1 /styles/forms.css
[20:30:56] [info] GET ::1 /styles/app.css
[20:30:56] [info] GET ::1 /images/background.jpg
[20:30:57] [info] GET ::1 /new
[20:30:57] [info] GET ::1 /styles/app.css
[20:30:57] [info] GET ::1 /styles/forms.css
[20:30:57] [info] GET ::1 /images/background.jpg
[20:31:04] [info] GET ::1 /new
[20:31:04] [info] GET ::1 /styles/forms.css
[20:31:04] [info] GET ::1 /styles/app.css
[20:31:04] [info] GET ::1 /images/background.jpg
[20:31:04] [info] GET ::1 /new
[20:31:04] [info] GET ::1 /styles/app.css
[20:31:04] [info] GET ::1 /styles/forms.css
[20:31:04] [info] GET ::1 /images/background.jpg
[20:31:11] [info] GET ::1 /new
[20:31:11] [info] GET ::1 /styles/app.css
[20:31:11] [info] GET ::1 /styles/forms.css
[20:31:11] [info] GET ::1 /images/background.jpg
[20:32:39] [info] GET ::1 /new
[20:32:39] [info] GET ::1 /styles/forms.css
[20:32:39] [info] GET ::1 /styles/app.css
[20:32:39] [info] GET ::1 /images/background.jpg
[20:33:31] [info] GET ::1 /new
[20:33:31] [info] GET ::1 /styles/app.css
[20:33:31] [info] GET ::1 /styles/forms.css
[20:33:31] [info] GET ::1 /images/background.jpg
[20:34:36] [info] GET ::1 /new
[20:34:36] [info] GET ::1 /styles/app.css
[20:34:36] [info] GET ::1 /styles/forms.css
[20:34:36] [info] GET ::1 /images/background.jpg
[20:35:00] [info] GET ::1 /new
[20:35:00] [info] GET ::1 /styles/app.css
[20:35:00] [info] GET ::1 /styles/forms.css
[20:35:00] [info] GET ::1 /images/background.jpg
[20:35:34] [info] GET ::1 /new
[20:35:34] [info] GET ::1 /styles/app.css
[20:35:34] [info] GET ::1 /styles/forms.css
[20:35:34] [info] GET ::1 /images/background.jpg
[20:35:43] [info] GET ::1 /new
[20:35:43] [info] GET ::1 /styles/forms.css
[20:35:43] [info] GET ::1 /styles/app.css
[20:35:43] [info] GET ::1 /images/background.jpg
[20:35:54] [info] GET ::1 /new
[20:35:54] [info] GET ::1 /styles/forms.css
[20:35:54] [info] GET ::1 /styles/app.css
[20:35:54] [info] GET ::1 /images/background.jpg
[20:36:58] [info] GET ::1 /new
[20:36:58] [info] GET ::1 /styles/app.css
[20:36:58] [info] GET ::1 /styles/forms.css
[20:36:58] [info] GET ::1 /images/background.jpg
[20:37:25] [info] GET ::1 /new
[20:37:25] [info] GET ::1 /styles/app.css
[20:37:25] [info] GET ::1 /styles/forms.css
[20:37:25] [info] GET ::1 /images/background.jpg
[20:37:43] [info] GET ::1 /new
[20:37:43] [info] GET ::1 /styles/app.css
[20:37:43] [info] GET ::1 /styles/forms.css
[20:37:43] [info] GET ::1 /images/background.jpg
[20:38:05] [info] GET ::1 /new
[20:38:05] [info] GET ::1 /styles/app.css
[20:38:05] [info] GET ::1 /styles/forms.css
[20:38:05] [info] GET ::1 /images/background.jpg
[20:38:13] [info] GET ::1 /new
[20:38:13] [info] GET ::1 /styles/forms.css
[20:38:13] [info] GET ::1 /styles/app.css
[20:38:13] [info] GET ::1 /images/background.jpg
[20:38:23] [info] GET ::1 /new
[20:38:23] [info] GET ::1 /styles/forms.css
[20:38:23] [info] GET ::1 /styles/app.css
[20:38:23] [info] GET ::1 /images/background.jpg
[20:38:32] [info] GET ::1 /new
[20:38:32] [info] GET ::1 /styles/forms.css
[20:38:32] [info] GET ::1 /styles/app.css
[20:38:32] [info] GET ::1 /images/background.jpg
[20:38:52] [info] GET ::1 /new
[20:38:52] [info] GET ::1 /styles/app.css
[20:38:52] [info] GET ::1 /styles/forms.css
[20:38:52] [info] GET ::1 /images/background.jpg
[20:38:59] [info] GET ::1 /new
[20:38:59] [info] GET ::1 /styles/forms.css
[20:38:59] [info] GET ::1 /styles/app.css
[20:38:59] [info] GET ::1 /images/background.jpg
[20:39:07] [info] GET ::1 /new
[20:39:07] [info] GET ::1 /styles/forms.css
[20:39:07] [info] GET ::1 /styles/app.css
[20:39:07] [info] GET ::1 /images/background.jpg
[20:45:53] [info] GET ::1 /styles/app.css
[20:45:53] [info] GET ::1 /styles/forms.css
[20:47:00] [info] GET ::1 /new
[20:47:00] [info] GET ::1 /styles/forms.css
[20:47:00] [info] GET ::1 /styles/app.css
[20:47:00] [info] GET ::1 /images/background.jpg
[20:47:18] [info] GET ::1 /new
[20:47:18] [info] GET ::1 /styles/forms.css
[20:47:18] [info] GET ::1 /styles/app.css
[20:47:18] [info] GET ::1 /images/background.jpg
[20:49:23] [info] GET ::1 /new
[20:49:23] [info] GET ::1 /styles/app.css
[20:49:23] [info] GET ::1 /styles/forms.css
[20:49:23] [info] GET ::1 /images/background.jpg
[20:56:28] [info] GET ::1 /styles/app.css
[20:56:28] [info] GET ::1 /styles/forms.css
[21:01:47] [info] GET ::1 /new
[21:01:47] [info] GET ::1 /styles/forms.css
[21:01:47] [info] GET ::1 /styles/app.css
[21:01:47] [info] GET ::1 /images/background.jpg
[21:01:48] [info] GET ::1 /new
[21:01:48] [info] GET ::1 /styles/app.css
[21:01:48] [info] GET ::1 /styles/forms.css
[21:01:48] [info] GET ::1 /images/background.jpg
[21:02:33] [info] GET ::1 /new
[21:02:33] [info] GET ::1 /styles/app.css
[21:02:33] [info] GET ::1 /styles/forms.css
[21:02:33] [info] GET ::1 /images/background.jpg
[21:02:43] [info] GET ::1 /new
[21:02:43] [info] GET ::1 /styles/forms.css
[21:02:43] [info] GET ::1 /styles/app.css
[21:02:43] [info] GET ::1 /images/background.jpg
