[18:22:08] [info] Started new express server on port: 5000
[18:22:16] [info] GET ::1 /
[18:22:16] [info] GET ::1 /app.css
[18:22:30] [info] GET ::1 /
[18:22:30] [info] GET ::1 /app.css
[18:22:31] [info] GET ::1 /
[18:22:31] [info] GET ::1 /app.css
[18:22:43] [info] GET ::1 /
[18:22:43] [info] GET ::1 /app.css
[18:22:43] [info] GET ::1 /fonts/Poppins-Regular.ttf
[18:22:46] [info] GET ::1 /app.css
[18:26:07] [info] GET ::1 /
[18:26:07] [info] GET ::1 /app.css
[18:31:23] [info] GET ::1 /
[18:31:23] [info] GET ::1 /styles/app.css
[18:31:23] [info] GET ::1 /images/1.jpg
[18:32:06] [info] GET ::1 /
[18:32:06] [info] GET ::1 /styles/app.css
[18:32:06] [info] GET ::1 /images/1.jpg
[18:33:19] [info] GET ::1 /
[18:33:19] [info] GET ::1 /styles/app.css
[18:33:19] [info] GET ::1 /images/1.jpg
[18:33:36] [info] GET ::1 /
[18:33:36] [info] GET ::1 /styles/app.css
[18:33:36] [info] GET ::1 /images/1.jpg
[18:33:50] [info] GET ::1 /styles/app.css
[18:36:39] [info] GET ::1 /
[18:36:39] [info] GET ::1 /images/1.jpg
[18:36:39] [info] GET ::1 /styles/app.css
[18:36:54] [info] GET ::1 /
[18:36:54] [info] GET ::1 /styles/app.css
[18:36:54] [info] GET ::1 /images/1.jpg
[18:37:18] [info] GET ::1 /
[18:37:18] [info] GET ::1 /images/1.jpg
[18:37:18] [info] GET ::1 /styles/app.css
[18:40:06] [info] GET ::1 /
[18:40:06] [info] GET ::1 /images/1.jpg
[18:40:06] [info] GET ::1 /styles/app.css
[18:40:07] [info] GET ::1 /
[18:40:07] [info] GET ::1 /styles/app.css
[18:40:07] [info] GET ::1 /images/1.jpg
[18:40:07] [info] GET ::1 /
[18:40:07] [info] GET ::1 /styles/app.css
[18:40:07] [info] GET ::1 /images/1.jpg
[18:40:07] [info] GET ::1 /
[18:40:07] [info] GET ::1 /styles/app.css
[18:40:07] [info] GET ::1 /images/1.jpg
[18:40:07] [info] GET ::1 /
[18:40:08] [info] GET ::1 /styles/app.css
[18:40:08] [info] GET ::1 /images/1.jpg
[18:40:08] [info] GET ::1 /
[18:40:08] [info] GET ::1 /styles/app.css
[18:40:08] [info] GET ::1 /images/1.jpg
[18:40:08] [info] GET ::1 /
[18:40:08] [info] GET ::1 /styles/app.css
[18:40:08] [info] GET ::1 /images/1.jpg
[18:40:23] [info] GET ::1 /
[18:40:23] [info] GET ::1 /images/1.jpg
[18:40:23] [info] GET ::1 /styles/app.css
[18:40:26] [info] GET ::1 /
[18:40:26] [info] GET ::1 /styles/app.css
[18:40:26] [info] GET ::1 /images/1.jpg
[18:40:27] [info] GET ::1 /
[18:40:27] [info] GET ::1 /styles/app.css
[18:40:27] [info] GET ::1 /images/1.jpg
[18:40:37] [info] GET ::1 /styles/app.css
[18:43:07] [info] GET ::1 /
[18:43:07] [info] GET ::1 /styles/app.css
[18:43:07] [info] GET ::1 /images/1.jpg
[18:43:08] [info] GET ::1 /
[18:43:08] [info] GET ::1 /styles/app.css
[18:43:08] [info] GET ::1 /images/1.jpg
[18:44:48] [info] GET ::1 /
[18:44:48] [info] GET ::1 /images/1.jpg
[18:44:48] [info] GET ::1 /styles/app.css
[18:44:59] [info] GET ::1 /
[18:44:59] [info] GET ::1 /images/1.jpg
[18:44:59] [info] GET ::1 /styles/app.css
[18:45:44] [info] GET ::1 /
[18:45:44] [info] GET ::1 /styles/app.css
[18:45:44] [info] GET ::1 /images/1.jpg
[18:46:08] [info] GET ::1 /
[18:46:08] [info] GET ::1 /styles/app.css
[18:46:08] [info] GET ::1 /images/1.jpg
[18:55:24] [info] GET ::1 /
[18:55:24] [info] GET ::1 /styles/app.css
[18:55:24] [info] GET ::1 /styles/forms.css
[18:55:24] [info] GET ::1 /images/1.jpg
[18:55:33] [info] GET ::1 /
[18:55:33] [info] GET ::1 /styles/forms.css
[18:55:33] [info] GET ::1 /styles/app.css
[18:55:33] [info] GET ::1 /images/1.jpg
[18:55:44] [info] GET ::1 /
[18:55:44] [info] GET ::1 /styles/forms.css
[18:55:44] [info] GET ::1 /styles/app.css
[18:55:44] [info] GET ::1 /images/1.jpg
[18:55:45] [info] GET ::1 /
[18:55:45] [info] GET ::1 /styles/app.css
[18:55:45] [info] GET ::1 /styles/forms.css
[18:55:45] [info] GET ::1 /images/1.jpg
[18:55:45] [info] GET ::1 /
[18:55:45] [info] GET ::1 /styles/app.css
[18:55:45] [info] GET ::1 /styles/forms.css
[18:55:45] [info] GET ::1 /images/1.jpg
[18:55:47] [info] GET ::1 /
[18:55:47] [info] GET ::1 /styles/app.css
[18:55:47] [info] GET ::1 /styles/forms.css
[18:55:47] [info] GET ::1 /images/1.jpg
[18:55:47] [info] GET ::1 /
[18:55:47] [info] GET ::1 /styles/app.css
[18:55:47] [info] GET ::1 /styles/forms.css
[18:55:47] [info] GET ::1 /images/1.jpg
[18:56:57] [info] GET ::1 /
[18:56:57] [info] GET ::1 /styles/forms.css
[18:56:57] [info] GET ::1 /styles/app.css
[18:56:57] [info] GET ::1 /images/1.jpg
[18:56:58] [info] GET ::1 /
[18:56:58] [info] GET ::1 /styles/app.css
[18:56:58] [info] GET ::1 /styles/forms.css
[18:56:58] [info] GET ::1 /images/1.jpg
[18:57:27] [info] GET ::1 /
[18:57:27] [info] GET ::1 /styles/app.css
[18:57:27] [info] GET ::1 /styles/forms.css
[18:57:27] [info] GET ::1 /images/1.jpg
[18:57:53] [info] GET ::1 /
[18:57:53] [info] GET ::1 /styles/app.css
[18:57:53] [info] GET ::1 /styles/forms.css
[18:57:53] [info] GET ::1 /images/1.jpg
[18:58:11] [info] GET ::1 /
[18:58:11] [info] GET ::1 /styles/app.css
[18:58:11] [info] GET ::1 /styles/forms.css
[18:58:11] [info] GET ::1 /images/1.jpg
[18:58:50] [info] GET ::1 /
[18:58:50] [info] GET ::1 /styles/forms.css
[18:58:50] [info] GET ::1 /styles/app.css
[18:58:50] [info] GET ::1 /images/1.jpg
[18:59:39] [info] GET ::1 /
[18:59:39] [info] GET ::1 /styles/app.css
[18:59:39] [info] GET ::1 /styles/forms.css
[18:59:39] [info] GET ::1 /images/1.jpg
[18:59:57] [info] GET ::1 /
[18:59:57] [info] GET ::1 /styles/app.css
[18:59:57] [info] GET ::1 /styles/forms.css
[18:59:57] [info] GET ::1 /images/1.jpg
[19:00:23] [info] GET ::1 /
[19:00:23] [info] GET ::1 /styles/app.css
[19:00:23] [info] GET ::1 /styles/forms.css
[19:00:23] [info] GET ::1 /images/1.jpg
[19:00:41] [info] GET ::1 /
[19:00:41] [info] GET ::1 /styles/app.css
[19:00:41] [info] GET ::1 /styles/forms.css
[19:00:41] [info] GET ::1 /images/1.jpg
[19:01:00] [info] GET ::1 /
[19:01:00] [info] GET ::1 /styles/app.css
[19:01:00] [info] GET ::1 /styles/forms.css
[19:01:00] [info] GET ::1 /images/1.jpg
[19:01:31] [info] GET ::1 /
[19:01:31] [info] GET ::1 /styles/forms.css
[19:01:31] [info] GET ::1 /styles/app.css
[19:01:31] [info] GET ::1 /images/1.jpg
[19:01:44] [info] GET ::1 /
[19:01:44] [info] GET ::1 /styles/app.css
[19:01:44] [info] GET ::1 /styles/forms.css
[19:01:44] [info] GET ::1 /images/1.jpg
[19:02:07] [info] GET ::1 /
[19:02:07] [info] GET ::1 /styles/app.css
[19:02:07] [info] GET ::1 /styles/forms.css
[19:02:07] [info] GET ::1 /images/1.jpg
[19:02:22] [info] GET ::1 /
[19:02:22] [info] GET ::1 /styles/forms.css
[19:02:22] [info] GET ::1 /styles/app.css
[19:02:22] [info] GET ::1 /images/1.jpg
[19:02:49] [info] GET ::1 /
[19:02:49] [info] GET ::1 /styles/app.css
[19:02:49] [info] GET ::1 /styles/forms.css
[19:02:49] [info] GET ::1 /images/1.jpg
[19:02:57] [info] GET ::1 /
[19:02:57] [info] GET ::1 /styles/forms.css
[19:02:57] [info] GET ::1 /styles/app.css
[19:02:57] [info] GET ::1 /images/1.jpg
[19:04:29] [info] GET ::1 /
[19:04:29] [info] GET ::1 /styles/forms.css
[19:04:29] [info] GET ::1 /styles/app.css
[19:04:29] [info] GET ::1 /images/1.jpg
[19:04:41] [info] GET ::1 /
[19:04:41] [info] GET ::1 /styles/forms.css
[19:04:41] [info] GET ::1 /styles/app.css
[19:04:41] [info] GET ::1 /images/1.jpg
[19:04:54] [info] GET ::1 /
[19:04:54] [info] GET ::1 /styles/forms.css
[19:04:54] [info] GET ::1 /styles/app.css
[19:04:54] [info] GET ::1 /images/1.jpg
[19:07:48] [info] GET ::1 /
[19:07:48] [info] GET ::1 /styles/forms.css
[19:07:48] [info] GET ::1 /styles/app.css
[19:07:48] [info] GET ::1 /images/1.jpg
[19:07:59] [info] GET ::1 /
[19:07:59] [info] GET ::1 /styles/app.css
[19:07:59] [info] GET ::1 /styles/forms.css
[19:07:59] [info] GET ::1 /images/1.jpg
[19:08:26] [info] GET ::1 /
[19:08:26] [info] GET ::1 /styles/app.css
[19:08:26] [info] GET ::1 /styles/forms.css
[19:08:26] [info] GET ::1 /images/1.jpg
[19:09:00] [info] GET ::1 /
[19:09:00] [info] GET ::1 /styles/app.css
[19:09:00] [info] GET ::1 /styles/forms.css
[19:09:00] [info] GET ::1 /images/1.jpg
[19:10:34] [info] GET ::1 /
[19:10:34] [info] GET ::1 /styles/forms.css
[19:10:34] [info] GET ::1 /styles/app.css
[19:10:34] [info] GET ::1 /images/1.jpg
[19:10:57] [info] GET ::1 /
[19:10:57] [info] GET ::1 /styles/app.css
[19:10:57] [info] GET ::1 /styles/forms.css
[19:10:57] [info] GET ::1 /images/1.jpg
[19:11:26] [info] GET ::1 /
[19:11:26] [info] GET ::1 /styles/app.css
[19:11:26] [info] GET ::1 /styles/forms.css
[19:11:26] [info] GET ::1 /images/1.jpg
[19:11:46] [info] GET ::1 /
[19:11:46] [info] GET ::1 /styles/forms.css
[19:11:46] [info] GET ::1 /styles/app.css
[19:11:46] [info] GET ::1 /images/1.jpg
[19:12:03] [info] GET ::1 /
[19:12:03] [info] GET ::1 /styles/app.css
[19:12:03] [info] GET ::1 /styles/forms.css
[19:12:03] [info] GET ::1 /images/1.jpg
[19:12:51] [info] GET ::1 /
[19:12:51] [info] GET ::1 /styles/app.css
[19:12:51] [info] GET ::1 /styles/forms.css
[19:12:51] [info] GET ::1 /images/1.jpg
[19:15:08] [info] GET ::1 /
[19:15:09] [info] GET ::1 /styles/forms.css
[19:15:09] [info] GET ::1 /styles/app.css
[19:15:09] [info] GET ::1 /images/1.jpg
[19:15:54] [info] GET ::1 /
[19:15:54] [info] GET ::1 /styles/app.css
[19:15:54] [info] GET ::1 /styles/forms.css
[19:15:54] [info] GET ::1 /images/1.jpg
[19:19:00] [info] GET ::1 /
[19:19:00] [info] GET ::1 /styles/forms.css
[19:19:00] [info] GET ::1 /styles/app.css
[19:19:00] [info] GET ::1 /images/1.jpg
[19:46:48] [info] GET ::1 /
[19:46:48] [error] ReferenceError: C:\Users\Admin\Documents\Vi~Be\views\index.ejs:17
    15|         </div>
    16|         <div id="content-box">
 >> 17|             <%- include('partials/'+page) %>
    18|             <input type="submit" />
    19|         </div>
    20|     </section>

page is not defined
    at eval (eval at compile (C:\Users\Admin\Documents\Vi~Be\node_modules\ejs\lib\ejs.js:662:12), <anonymous>:12:37)
    at index (C:\Users\Admin\Documents\Vi~Be\node_modules\ejs\lib\ejs.js:692:17)
    at tryHandleCache (C:\Users\Admin\Documents\Vi~Be\node_modules\ejs\lib\ejs.js:272:36)
    at View.exports.renderFile [as engine] (C:\Users\Admin\Documents\Vi~Be\node_modules\ejs\lib\ejs.js:489:10)
    at View.render (C:\Users\Admin\Documents\Vi~Be\node_modules\express\lib\view.js:135:8)
    at tryRender (C:\Users\Admin\Documents\Vi~Be\node_modules\express\lib\application.js:640:10)
    at Function.render (C:\Users\Admin\Documents\Vi~Be\node_modules\express\lib\application.js:592:3)
    at ServerResponse.render (C:\Users\Admin\Documents\Vi~Be\node_modules\express\lib\response.js:1012:7)
    at C:\Users\Admin\Documents\Vi~Be\dist\index.js:21:9
    at Layer.handle [as handle_request] (C:\Users\Admin\Documents\Vi~Be\node_modules\express\lib\router\layer.js:95:5)
[19:47:19] [info] GET ::1 /
[19:47:19] [error] SyntaxError: Unexpected token 'if' in C:\Users\Admin\Documents\Vi~Be\views\index.ejs while compiling ejs

If the above error is not helpful, you may want to try EJS-Lint:
https://github.com/RyanZim/EJS-Lint
Or, if you meant to create an async function, pass `async: true` as an option.
    at new Function (<anonymous>)
    at Template.compile (C:\Users\Admin\Documents\Vi~Be\node_modules\ejs\lib\ejs.js:662:12)
    at Object.compile (C:\Users\Admin\Documents\Vi~Be\node_modules\ejs\lib\ejs.js:396:16)
    at handleCache (C:\Users\Admin\Documents\Vi~Be\node_modules\ejs\lib\ejs.js:233:18)
    at tryHandleCache (C:\Users\Admin\Documents\Vi~Be\node_modules\ejs\lib\ejs.js:272:16)
    at View.exports.renderFile [as engine] (C:\Users\Admin\Documents\Vi~Be\node_modules\ejs\lib\ejs.js:489:10)
    at View.render (C:\Users\Admin\Documents\Vi~Be\node_modules\express\lib\view.js:135:8)
    at tryRender (C:\Users\Admin\Documents\Vi~Be\node_modules\express\lib\application.js:640:10)
    at Function.render (C:\Users\Admin\Documents\Vi~Be\node_modules\express\lib\application.js:592:3)
    at ServerResponse.render (C:\Users\Admin\Documents\Vi~Be\node_modules\express\lib\response.js:1012:7)
[19:48:04] [info] GET ::1 /
[19:48:04] [error] ReferenceError: C:\Users\Admin\Documents\Vi~Be\views\index.ejs:17
    15|         </div>
    16|         <div id="content-box">
 >> 17|             <% if (page) {%>
    18|             <%- include('partials/'+page) %>
    19|             <% } %>
    20|             <input type="submit" />

page is not defined
    at eval (eval at compile (C:\Users\Admin\Documents\Vi~Be\node_modules\ejs\lib\ejs.js:662:12), <anonymous>:12:8)
    at index (C:\Users\Admin\Documents\Vi~Be\node_modules\ejs\lib\ejs.js:692:17)
    at tryHandleCache (C:\Users\Admin\Documents\Vi~Be\node_modules\ejs\lib\ejs.js:272:36)
    at View.exports.renderFile [as engine] (C:\Users\Admin\Documents\Vi~Be\node_modules\ejs\lib\ejs.js:489:10)
    at View.render (C:\Users\Admin\Documents\Vi~Be\node_modules\express\lib\view.js:135:8)
    at tryRender (C:\Users\Admin\Documents\Vi~Be\node_modules\express\lib\application.js:640:10)
    at Function.render (C:\Users\Admin\Documents\Vi~Be\node_modules\express\lib\application.js:592:3)
    at ServerResponse.render (C:\Users\Admin\Documents\Vi~Be\node_modules\express\lib\response.js:1012:7)
    at C:\Users\Admin\Documents\Vi~Be\dist\index.js:21:9
    at Layer.handle [as handle_request] (C:\Users\Admin\Documents\Vi~Be\node_modules\express\lib\router\layer.js:95:5)
[19:49:36] [info] GET ::1 /
[19:49:36] [info] GET ::1 /styles/app.css
[19:49:36] [info] GET ::1 /styles/forms.css
[19:49:36] [info] GET ::1 /images/1.jpg
[19:49:52] [info] GET ::1 /
[19:49:52] [info] GET ::1 /styles/forms.css
[19:49:52] [info] GET ::1 /styles/app.css
[19:49:52] [info] GET ::1 /images/1.jpg
[19:50:48] [info] GET ::1 /
[19:50:48] [info] GET ::1 /styles/app.css
[19:50:48] [info] GET ::1 /styles/forms.css
[19:50:48] [info] GET ::1 /images/1.jpg
[19:51:42] [info] GET ::1 /
[19:51:42] [info] GET ::1 /styles/app.css
[19:51:42] [info] GET ::1 /styles/forms.css
[19:51:42] [info] GET ::1 /images/1.jpg
[19:52:20] [info] GET ::1 /
[19:52:20] [info] GET ::1 /styles/app.css
[19:52:20] [info] GET ::1 /styles/forms.css
[19:52:20] [info] GET ::1 /images/1.jpg
[19:53:45] [info] GET ::1 /
[19:53:45] [info] GET ::1 /styles/app.css
[19:53:45] [info] GET ::1 /styles/forms.css
[19:53:45] [info] GET ::1 /images/1.jpg
[19:58:18] [info] GET ::1 /
[19:58:18] [info] GET ::1 /styles/app.css
[19:58:18] [info] GET ::1 /styles/forms.css
[19:58:18] [info] GET ::1 /images/1.jpg
[19:58:24] [info] GET ::1 /
[19:58:24] [info] GET ::1 /styles/forms.css
[19:58:24] [info] GET ::1 /styles/app.css
[19:58:24] [info] GET ::1 /images/1.jpg
[19:59:19] [info] GET ::1 /
[19:59:19] [info] GET ::1 /styles/forms.css
[19:59:19] [info] GET ::1 /styles/app.css
[19:59:19] [info] GET ::1 /images/1.jpg
[19:59:26] [info] GET ::1 /styles/app.css
[19:59:26] [info] GET ::1 /styles/forms.css
[20:00:14] [info] GET ::1 /
[20:00:14] [info] GET ::1 /styles/app.css
[20:00:14] [info] GET ::1 /styles/forms.css
[20:00:14] [info] GET ::1 /images/1.jpg
[20:01:06] [info] GET ::1 /
[20:01:06] [info] GET ::1 /styles/app.css
[20:01:06] [info] GET ::1 /styles/forms.css
[20:01:06] [info] GET ::1 /images/1.jpg
[20:03:09] [info] GET ::1 /
[20:03:09] [info] GET ::1 /styles/forms.css
[20:03:09] [info] GET ::1 /styles/app.css
[20:03:09] [info] GET ::1 /images/1.jpg
[20:03:17] [info] GET ::1 /images/1.jpg
[20:03:44] [info] GET ::1 /styles/app.css
[20:03:44] [info] GET ::1 /styles/forms.css
[20:04:07] [info] GET ::1 /
[20:04:07] [info] GET ::1 /styles/forms.css
[20:04:07] [info] GET ::1 /styles/app.css
[20:04:07] [info] GET ::1 /images/1.jpg
[20:05:17] [info] GET ::1 /styles/app.css
[20:05:17] [info] GET ::1 /styles/forms.css
[20:09:00] [info] GET ::1 /
[20:09:00] [info] GET ::1 /styles/forms.css
[20:09:00] [info] GET ::1 /styles/app.css
[20:09:00] [info] GET ::1 /images/1.jpg
